<?xml version="1.0" encoding="UTF-8"?>
<testsuite xmlns:xsi="http://www.w3.org/2001/XMLSchema-instance" xsi:noNamespaceSchemaLocation="https://maven.apache.org/surefire/maven-surefire-plugin/xsd/surefire-test-report-3.0.xsd" version="3.0" name="com.hospital.patient.service.impl.PatientServiceImplTest" time="0.85" tests="18" errors="0" skipped="0" failures="0">
  <properties>
[...]
</properties>
  <testcase name="searchPatients_noMatches_returnsEmptyList" classname="com.hospital.patient.service.impl.PatientServiceImplTest" time="0.66">
    <system-out><![CDATA[2026-02-25T21:33:25.106Z DEBUG 4296 --- [patient-service] [           main] c.h.p.service.impl.PatientServiceImpl    : Searching patients with term: Smith
]]></system-out>
  </testcase>
  <testcase name="getPatientById_patientNotFound_returnsEmptyOptional" classname="com.hospital.patient.service.impl.PatientServiceImplTest" time="0.01">
    <system-out><![CDATA[2026-02-25T21:33:25.247Z DEBUG 4296 --- [patient-service] [           main] c.h.p.service.impl.PatientServiceImpl    : Fetching patient by ID: 1
]]></system-out>
  </testcase>
  <testcase name="existsById_patientExists_returnsTrue" classname="com.hospital.patient.service.impl.PatientServiceImplTest" time="0.007"/>
  <testcase name="deletePatient_patientFound_deletesPatient" classname="com.hospital.patient.service.impl.PatientServiceImplTest" time="0.011">
    <system-out><![CDATA[2026-02-25T21:33:25.268Z  INFO 4296 --- [patient-service] [           main] c.h.p.service.impl.PatientServiceImpl    : Deleting patient with ID: 1
2026-02-25T21:33:25.269Z  INFO 4296 --- [patient-service] [           main] c.h.p.service.impl.PatientServiceImpl    : T6.2: Deleting medical records, consultations and appointments for patient: 1
2026-02-25T21:33:25.270Z  INFO 4296 --- [patient-service] [           main] c.h.p.service.impl.PatientServiceImpl    : Patient deleted successfully: 1
]]></system-out>
  </testcase>
  <testcase name="getPatientByNationalId_patientNotFound_returnsEmptyOptional" classname="com.hospital.patient.service.impl.PatientServiceImplTest" time="0.006">
    <system-out><![CDATA[2026-02-25T21:33:25.277Z DEBUG 4296 --- [patient-service] [           main] c.h.p.service.impl.PatientServiceImpl    : Fetching patient by national ID: AB123456
]]></system-out>
  </testcase>
  <testcase name="getAllPatients_emptyResults_returnsEmptyList" classname="com.hospital.patient.service.impl.PatientServiceImplTest" time="0.008">
    <system-out><![CDATA[2026-02-25T21:33:25.286Z DEBUG 4296 --- [patient-service] [           main] c.h.p.service.impl.PatientServiceImpl    : Fetching all patients
]]></system-out>
  </testcase>
  <testcase name="updatePatient_patientFound_returnsUpdatedPatientDTO" classname="com.hospital.patient.service.impl.PatientServiceImplTest" time="0.013">
    <system-out><![CDATA[2026-02-25T21:33:25.296Z  INFO 4296 --- [patient-service] [           main] c.h.p.service.impl.PatientServiceImpl    : Updating patient with ID: 1
2026-02-25T21:33:25.299Z  INFO 4296 --- [patient-service] [           main] c.h.p.service.impl.PatientServiceImpl    : Patient updated successfully: 1
]]></system-out>
  </testcase>
  <testcase name="getAllPatients_withResults_returnsListOfPatientDTO" classname="com.hospital.patient.service.impl.PatientServiceImplTest" time="0.012">
    <system-out><![CDATA[2026-02-25T21:33:25.309Z DEBUG 4296 --- [patient-service] [           main] c.h.p.service.impl.PatientServiceImpl    : Fetching all patients
]]></system-out>
  </testcase>
  <testcase name="getPatientById_patientFound_returnsOptionalWithPatientDTO" classname="com.hospital.patient.service.impl.PatientServiceImplTest" time="0.007">
    <system-out><![CDATA[2026-02-25T21:33:25.324Z DEBUG 4296 --- [patient-service] [           main] c.h.p.service.impl.PatientServiceImpl    : Fetching patient by ID: 1
]]></system-out>
  </testcase>
  <testcase name="searchPatients_matchingResults_returnsFilteredList" classname="com.hospital.patient.service.impl.PatientServiceImplTest" time="0.012">
    <system-out><![CDATA[2026-02-25T21:33:25.332Z DEBUG 4296 --- [patient-service] [           main] c.h.p.service.impl.PatientServiceImpl    : Searching patients with term: Doe
]]></system-out>
  </testcase>
  <testcase name="deletePatient_patientNotFound_throwsPatientNotFoundException" classname="com.hospital.patient.service.impl.PatientServiceImplTest" time="0.011">
    <system-out><![CDATA[2026-02-25T21:33:25.346Z  INFO 4296 --- [patient-service] [           main] c.h.p.service.impl.PatientServiceImpl    : Deleting patient with ID: 1
]]></system-out>
  </testcase>
  <testcase name="createPatient_validRequest_returnsPatientDTO" classname="com.hospital.patient.service.impl.PatientServiceImplTest" time="0.007">
    <system-out><![CDATA[2026-02-25T21:33:25.359Z  INFO 4296 --- [patient-service] [           main] c.h.p.service.impl.PatientServiceImpl    : Creating new patient with national ID: AB123456
2026-02-25T21:33:25.359Z  INFO 4296 --- [patient-service] [           main] c.h.p.service.impl.PatientServiceImpl    : Patient created with ID: 1
]]></system-out>
  </testcase>
  <testcase name="getPatientByNationalId_patientFound_returnsOptionalWithPatientDTO" classname="com.hospital.patient.service.impl.PatientServiceImplTest" time="0.004">
    <system-out><![CDATA[2026-02-25T21:33:25.366Z DEBUG 4296 --- [patient-service] [           main] c.h.p.service.impl.PatientServiceImpl    : Fetching patient by national ID: AB123456
]]></system-out>
  </testcase>
  <testcase name="updatePatient_patientNotFound_throwsPatientNotFoundException" classname="com.hospital.patient.service.impl.PatientServiceImplTest" time="0.005">
    <system-out><![CDATA[2026-02-25T21:33:25.372Z  INFO 4296 --- [patient-service] [           main] c.h.p.service.impl.PatientServiceImpl    : Updating patient with ID: 1
]]></system-out>
  </testcase>
  <testcase name="existsById_patientDoesNotExist_returnsFalse" classname="com.hospital.patient.service.impl.PatientServiceImplTest" time="0.005"/>
  <testcase name="getPatientDossier_patientNotFound_throwsPatientNotFoundException" classname="com.hospital.patient.service.impl.PatientServiceImplTest" time="0.008">
    <system-out><![CDATA[2026-02-25T21:33:25.388Z  INFO 4296 --- [patient-service] [           main] c.h.p.service.impl.PatientServiceImpl    : T6.3: Building full dossier for patient ID: 1
2026-02-25T21:33:25.388Z DEBUG 4296 --- [patient-service] [           main] c.h.p.service.impl.PatientServiceImpl    : Fetching patient by ID: 1
]]></system-out>
  </testcase>
  <testcase name="createPatient_duplicateNationalId_throwsDuplicatePatientException" classname="com.hospital.patient.service.impl.PatientServiceImplTest" time="0.008">
    <system-out><![CDATA[2026-02-25T21:33:25.399Z  INFO 4296 --- [patient-service] [           main] c.h.p.service.impl.PatientServiceImpl    : Creating new patient with national ID: AB123456
]]></system-out>
  </testcase>
  <testcase name="getPatientDossier_patientFound_aggregatesData" classname="com.hospital.patient.service.impl.PatientServiceImplTest" time="0.008">
    <system-out><![CDATA[2026-02-25T21:33:25.408Z  INFO 4296 --- [patient-service] [           main] c.h.p.service.impl.PatientServiceImpl    : T6.3: Building full dossier for patient ID: 1
2026-02-25T21:33:25.408Z DEBUG 4296 --- [patient-service] [           main] c.h.p.service.impl.PatientServiceImpl    : Fetching patient by ID: 1
]]></system-out>
  </testcase>
</testsuite>