<?xml version="1.0" encoding="UTF-8"?>
<testsuite xmlns:xsi="http://www.w3.org/2001/XMLSchema-instance" xsi:noNamespaceSchemaLocation="https://maven.apache.org/surefire/maven-surefire-plugin/xsd/surefire-test-report-3.0.xsd" version="3.0" name="com.hospital.gateway.filter.InputValidationFilterTest" time="0.166" tests="6" errors="0" skipped="0" failures="0">
  <properties>
[...]
</properties>
  <testcase name="filter_safeInput_callsChain" classname="com.hospital.gateway.filter.InputValidationFilterTest" time="0.039"/>
  <testcase name="filter_disabled_callsChain" classname="com.hospital.gateway.filter.InputValidationFilterTest" time="0.021"/>
  <testcase name="filter_suspiciousHeader_returns400_andAuditInvoked" classname="com.hospital.gateway.filter.InputValidationFilterTest" time="0.018"/>
  <testcase name="filter_excludedPath_callsChain" classname="com.hospital.gateway.filter.InputValidationFilterTest" time="0.014"/>
  <testcase name="filter_suspiciousQueryParam_returns400_andAuditInvoked" classname="com.hospital.gateway.filter.InputValidationFilterTest" time="0.028"/>
  <testcase name="getOrder_returns80" classname="com.hospital.gateway.filter.InputValidationFilterTest" time="0.013"/>
</testsuite>