<?xml version="1.0" encoding="UTF-8"?>
<testsuite xmlns:xsi="http://www.w3.org/2001/XMLSchema-instance" xsi:noNamespaceSchemaLocation="https://maven.apache.org/surefire/maven-surefire-plugin/xsd/surefire-test-report-3.0.xsd" version="3.0" name="com.hospital.gateway.GatewayIntegrationTest" time="17.077" tests="8" errors="0" skipped="0" failures="0">
  <properties>
[...]
</properties>
  <testcase name="protectedPath_withInvalidToken_returns401" classname="com.hospital.gateway.GatewayIntegrationTest" time="0.463">
    <system-out><![CDATA[16:40:23.084 [main] INFO org.springframework.test.context.support.AnnotationConfigContextLoaderUtils -- Could not detect default configuration classes for test class [com.hospital.gateway.GatewayIntegrationTest]: GatewayIntegrationTest does not declare any static, non-private, non-final, nested classes annotated with @Configuration.
16:40:23.848 [main] INFO org.springframework.boot.test.context.SpringBootTestContextBootstrapper -- Found @SpringBootConfiguration com.hospital.gateway.GatewayServiceApplication for test class com.hospital.gateway.GatewayIntegrationTest

  .   ____          _            __ _ _
 /\\ / ___'_ __ _ _(_)_ __  __ _ \ \ \ \
( ( )\___ | '_ | '_| | '_ \/ _` | \ \ \ \
 \\/  ___)| |_)| | | | | || (_| |  ) ) ) )
  '  |____| .__|_| |_|_| |_\__, | / / / /
 =========|_|==============|___/=/_/_/_/
 :: Spring Boot ::                (v3.2.0)

2026-02-22T16:40:26.183Z  INFO 9192 --- [gateway-service] [           main] c.h.gateway.GatewayIntegrationTest       : Starting GatewayIntegrationTest using Java 17.0.12 with PID 9192 (started by md in D:\Studies\S5\Project_dev\kit-commun-final (3)\kit-commun-final\gateway-service)
2026-02-22T16:40:26.189Z DEBUG 9192 --- [gateway-service] [           main] c.h.gateway.GatewayIntegrationTest       : Running with Spring Boot v3.2.0, Spring v6.1.1
2026-02-22T16:40:26.202Z  INFO 9192 --- [gateway-service] [           main] c.h.gateway.GatewayIntegrationTest       : The following 1 profile is active: "integration"
2026-02-22T16:40:29.797Z  WARN 9192 --- [gateway-service] [           main] trationDelegate$BeanPostProcessorChecker : Bean 'org.springframework.cloud.client.loadbalancer.LoadBalancerAutoConfiguration$LoadBalancerInterceptorConfig' of type [org.springframework.cloud.client.loadbalancer.LoadBalancerAutoConfiguration$LoadBalancerInterceptorConfig] is not eligible for getting processed by all BeanPostProcessors (for example: not eligible for auto-proxying). The currently created BeanPostProcessor [lbRestClientPostProcessor] is declared through a non-static factory method on that class; consider declaring it as static instead.
2026-02-22T16:40:29.804Z  WARN 9192 --- [gateway-service] [           main] trationDelegate$BeanPostProcessorChecker : Bean 'org.springframework.cloud.loadbalancer.config.BlockingLoadBalancerClientAutoConfiguration' of type [org.springframework.cloud.loadbalancer.config.BlockingLoadBalancerClientAutoConfiguration] is not eligible for getting processed by all BeanPostProcessors (for example: not eligible for auto-proxying). Is this bean getting eagerly injected into a currently created BeanPostProcessor [lbRestClientPostProcessor]? Check the corresponding BeanPostProcessor declaration and its dependencies.
2026-02-22T16:40:29.812Z  WARN 9192 --- [gateway-service] [           main] trationDelegate$BeanPostProcessorChecker : Bean 'org.springframework.cloud.loadbalancer.config.LoadBalancerAutoConfiguration' of type [org.springframework.cloud.loadbalancer.config.LoadBalancerAutoConfiguration] is not eligible for getting processed by all BeanPostProcessors (for example: not eligible for auto-proxying). Is this bean getting eagerly injected into a currently created BeanPostProcessor [lbRestClientPostProcessor]? Check the corresponding BeanPostProcessor declaration and its dependencies.
2026-02-22T16:40:29.841Z  WARN 9192 --- [gateway-service] [           main] trationDelegate$BeanPostProcessorChecker : Bean 'org.springframework.cloud.commons.config.CommonsConfigAutoConfiguration' of type [org.springframework.cloud.commons.config.CommonsConfigAutoConfiguration] is not eligible for getting processed by all BeanPostProcessors (for example: not eligible for auto-proxying). Is this bean getting eagerly injected into a currently created BeanPostProcessor [lbRestClientPostProcessor]? Check the corresponding BeanPostProcessor declaration and its dependencies.
2026-02-22T16:40:29.848Z  WARN 9192 --- [gateway-service] [           main] trationDelegate$BeanPostProcessorChecker : Bean 'org.springframework.cloud.client.loadbalancer.LoadBalancerDefaultMappingsProviderAutoConfiguration' of type [org.springframework.cloud.client.loadbalancer.LoadBalancerDefaultMappingsProviderAutoConfiguration] is not eligible for getting processed by all BeanPostProcessors (for example: not eligible for auto-proxying). Is this bean getting eagerly injected into a currently created BeanPostProcessor [lbRestClientPostProcessor]? Check the corresponding BeanPostProcessor declaration and its dependencies.
2026-02-22T16:40:29.852Z  WARN 9192 --- [gateway-service] [           main] trationDelegate$BeanPostProcessorChecker : Bean 'loadBalancerClientsDefaultsMappingsProvider' of type [org.springframework.cloud.client.loadbalancer.LoadBalancerDefaultMappingsProviderAutoConfiguration$$Lambda$1243/0x000001b6607d2a28] is not eligible for getting processed by all BeanPostProcessors (for example: not eligible for auto-proxying). Is this bean getting eagerly injected into a currently created BeanPostProcessor [lbRestClientPostProcessor]? Check the corresponding BeanPostProcessor declaration and its dependencies.
2026-02-22T16:40:29.864Z  WARN 9192 --- [gateway-service] [           main] trationDelegate$BeanPostProcessorChecker : Bean 'defaultsBindHandlerAdvisor' of type [org.springframework.cloud.commons.config.DefaultsBindHandlerAdvisor] is not eligible for getting processed by all BeanPostProcessors (for example: not eligible for auto-proxying). Is this bean getting eagerly injected into a currently created BeanPostProcessor [lbRestClientPostProcessor]? Check the corresponding BeanPostProcessor declaration and its dependencies.
2026-02-22T16:40:29.881Z  WARN 9192 --- [gateway-service] [           main] trationDelegate$BeanPostProcessorChecker : Bean 'spring.cloud.loadbalancer-org.springframework.cloud.client.loadbalancer.LoadBalancerClientsProperties' of type [org.springframework.cloud.client.loadbalancer.LoadBalancerClientsProperties] is not eligible for getting processed by all BeanPostProcessors (for example: not eligible for auto-proxying). Is this bean getting eagerly injected into a currently created BeanPostProcessor [lbRestClientPostProcessor]? Check the corresponding BeanPostProcessor declaration and its dependencies.
2026-02-22T16:40:29.895Z  WARN 9192 --- [gateway-service] [           main] trationDelegate$BeanPostProcessorChecker : Bean 'default.org.springframework.cloud.loadbalancer.config.LoadBalancerAutoConfiguration.LoadBalancerClientSpecification' of type [org.springframework.cloud.loadbalancer.annotation.LoadBalancerClientSpecification] is not eligible for getting processed by all BeanPostProcessors (for example: not eligible for auto-proxying). Is this bean getting eagerly injected into a currently created BeanPostProcessor [lbRestClientPostProcessor]? Check the corresponding BeanPostProcessor declaration and its dependencies.
2026-02-22T16:40:29.898Z  WARN 9192 --- [gateway-service] [           main] trationDelegate$BeanPostProcessorChecker : Bean 'default.org.springframework.cloud.loadbalancer.config.BlockingLoadBalancerClientAutoConfiguration.LoadBalancerClientSpecification' of type [org.springframework.cloud.loadbalancer.annotation.LoadBalancerClientSpecification] is not eligible for getting processed by all BeanPostProcessors (for example: not eligible for auto-proxying). Is this bean getting eagerly injected into a currently created BeanPostProcessor [lbRestClientPostProcessor]? Check the corresponding BeanPostProcessor declaration and its dependencies.
2026-02-22T16:40:29.901Z  WARN 9192 --- [gateway-service] [           main] trationDelegate$BeanPostProcessorChecker : Bean 'loadBalancerClientFactory' of type [org.springframework.cloud.loadbalancer.support.LoadBalancerClientFactory] is not eligible for getting processed by all BeanPostProcessors (for example: not eligible for auto-proxying). Is this bean getting eagerly injected into a currently created BeanPostProcessor [lbRestClientPostProcessor]? Check the corresponding BeanPostProcessor declaration and its dependencies.
2026-02-22T16:40:29.918Z  WARN 9192 --- [gateway-service] [           main] trationDelegate$BeanPostProcessorChecker : Bean 'blockingLoadBalancerClient' of type [org.springframework.cloud.loadbalancer.blocking.client.BlockingLoadBalancerClient] is not eligible for getting processed by all BeanPostProcessors (for example: not eligible for auto-proxying). Is this bean getting eagerly injected into a currently created BeanPostProcessor [lbRestClientPostProcessor]? Check the corresponding BeanPostProcessor declaration and its dependencies.
2026-02-22T16:40:29.941Z  WARN 9192 --- [gateway-service] [           main] trationDelegate$BeanPostProcessorChecker : Bean 'loadBalancerServiceInstanceCookieTransformer' of type [org.springframework.cloud.loadbalancer.core.LoadBalancerServiceInstanceCookieTransformer] is not eligible for getting processed by all BeanPostProcessors (for example: not eligible for auto-proxying). Is this bean getting eagerly injected into a currently created BeanPostProcessor [lbRestClientPostProcessor]? Check the corresponding BeanPostProcessor declaration and its dependencies.
2026-02-22T16:40:29.946Z  WARN 9192 --- [gateway-service] [           main] trationDelegate$BeanPostProcessorChecker : Bean 'xForwarderHeadersTransformer' of type [org.springframework.cloud.loadbalancer.blocking.XForwardedHeadersTransformer] is not eligible for getting processed by all BeanPostProcessors (for example: not eligible for auto-proxying). Is this bean getting eagerly injected into a currently created BeanPostProcessor [lbRestClientPostProcessor]? Check the corresponding BeanPostProcessor declaration and its dependencies.
2026-02-22T16:40:29.950Z  WARN 9192 --- [gateway-service] [           main] trationDelegate$BeanPostProcessorChecker : Bean 'org.springframework.cloud.client.loadbalancer.LoadBalancerAutoConfiguration' of type [org.springframework.cloud.client.loadbalancer.LoadBalancerAutoConfiguration] is not eligible for getting processed by all BeanPostProcessors (for example: not eligible for auto-proxying). Is this bean getting eagerly injected into a currently created BeanPostProcessor [lbRestClientPostProcessor]? Check the corresponding BeanPostProcessor declaration and its dependencies.
2026-02-22T16:40:29.959Z  WARN 9192 --- [gateway-service] [           main] trationDelegate$BeanPostProcessorChecker : Bean 'loadBalancerRequestFactory' of type [org.springframework.cloud.client.loadbalancer.LoadBalancerRequestFactory] is not eligible for getting processed by all BeanPostProcessors (for example: not eligible for auto-proxying). Is this bean getting eagerly injected into a currently created BeanPostProcessor [lbRestClientPostProcessor]? Check the corresponding BeanPostProcessor declaration and its dependencies.
2026-02-22T16:40:29.964Z  WARN 9192 --- [gateway-service] [           main] trationDelegate$BeanPostProcessorChecker : Bean 'loadBalancerInterceptor' of type [org.springframework.cloud.client.loadbalancer.LoadBalancerInterceptor] is not eligible for getting processed by all BeanPostProcessors (for example: not eligible for auto-proxying). Is this bean getting eagerly injected into a currently created BeanPostProcessor [lbRestClientPostProcessor]? Check the corresponding BeanPostProcessor declaration and its dependencies.
2026-02-22T16:40:29.975Z  WARN 9192 --- [gateway-service] [           main] trationDelegate$BeanPostProcessorChecker : Bean 'org.springframework.cloud.client.loadbalancer.reactive.LoadBalancerBeanPostProcessorAutoConfiguration' of type [org.springframework.cloud.client.loadbalancer.reactive.LoadBalancerBeanPostProcessorAutoConfiguration] is not eligible for getting processed by all BeanPostProcessors (for example: not eligible for auto-proxying). The currently created BeanPostProcessor [loadBalancerWebClientBuilderBeanPostProcessor] is declared through a non-static factory method on that class; consider declaring it as static instead.
2026-02-22T16:40:29.983Z  WARN 9192 --- [gateway-service] [           main] trationDelegate$BeanPostProcessorChecker : Bean 'org.springframework.cloud.client.loadbalancer.reactive.LoadBalancerBeanPostProcessorAutoConfiguration$ReactorDeferringLoadBalancerFilterConfig' of type [org.springframework.cloud.client.loadbalancer.reactive.LoadBalancerBeanPostProcessorAutoConfiguration$ReactorDeferringLoadBalancerFilterConfig] is not eligible for getting processed by all BeanPostProcessors (for example: not eligible for auto-proxying). Is this bean getting eagerly injected into a currently created BeanPostProcessor [loadBalancerWebClientBuilderBeanPostProcessor]? Check the corresponding BeanPostProcessor declaration and its dependencies.
2026-02-22T16:40:29.988Z  WARN 9192 --- [gateway-service] [           main] trationDelegate$BeanPostProcessorChecker : Bean 'reactorDeferringLoadBalancerExchangeFilterFunction' of type [org.springframework.cloud.client.loadbalancer.reactive.DeferringLoadBalancerExchangeFilterFunction] is not eligible for getting processed by all BeanPostProcessors (for example: not eligible for auto-proxying). Is this bean getting eagerly injected into a currently created BeanPostProcessor [loadBalancerWebClientBuilderBeanPostProcessor]? Check the corresponding BeanPostProcessor declaration and its dependencies.
2026-02-22T16:40:32.077Z DEBUG 9192 --- [gateway-service] [           main] o.s.c.gateway.config.GatewayProperties   : Routes supplied from Gateway Properties: [RouteDefinition{id='auth-service', predicates=[PredicateDefinition{name='Path', args={_genkey_0=/api/auth/**}}], filters=[FilterDefinition{name='StripPrefix', args={_genkey_0=0}}], uri=lb://auth-service, order=0, metadata={}}, RouteDefinition{id='patient-service', predicates=[PredicateDefinition{name='Path', args={_genkey_0=/api/patients/**}}], filters=[FilterDefinition{name='StripPrefix', args={_genkey_0=0}}], uri=lb://patient-service, order=0, metadata={}}, RouteDefinition{id='staff-service', predicates=[PredicateDefinition{name='Path', args={_genkey_0=/api/staff/**}}], filters=[FilterDefinition{name='StripPrefix', args={_genkey_0=0}}], uri=lb://staff-service, order=0, metadata={}}, RouteDefinition{id='appointment-service', predicates=[PredicateDefinition{name='Path', args={_genkey_0=/api/appointments/**}}], filters=[FilterDefinition{name='StripPrefix', args={_genkey_0=0}}], uri=lb://appointment-service, order=0, metadata={}}, RouteDefinition{id='medical-record-service', predicates=[PredicateDefinition{name='Path', args={_genkey_0=/api/medical-records/**}}], filters=[FilterDefinition{name='StripPrefix', args={_genkey_0=0}}], uri=lb://medical-record-service, order=0, metadata={}}, RouteDefinition{id='consultations-service', predicates=[PredicateDefinition{name='Path', args={_genkey_0=/api/consultations/**}}], filters=[FilterDefinition{name='StripPrefix', args={_genkey_0=0}}], uri=lb://consultations-service, order=0, metadata={}}]
2026-02-22T16:40:32.493Z  INFO 9192 --- [gateway-service] [           main] o.s.c.g.r.RouteDefinitionRouteLocator    : Loaded RoutePredicateFactory [After]
2026-02-22T16:40:32.493Z  INFO 9192 --- [gateway-service] [           main] o.s.c.g.r.RouteDefinitionRouteLocator    : Loaded RoutePredicateFactory [Before]
2026-02-22T16:40:32.493Z  INFO 9192 --- [gateway-service] [           main] o.s.c.g.r.RouteDefinitionRouteLocator    : Loaded RoutePredicateFactory [Between]
2026-02-22T16:40:32.493Z  INFO 9192 --- [gateway-service] [           main] o.s.c.g.r.RouteDefinitionRouteLocator    : Loaded RoutePredicateFactory [Cookie]
2026-02-22T16:40:32.493Z  INFO 9192 --- [gateway-service] [           main] o.s.c.g.r.RouteDefinitionRouteLocator    : Loaded RoutePredicateFactory [Header]
2026-02-22T16:40:32.494Z  INFO 9192 --- [gateway-service] [           main] o.s.c.g.r.RouteDefinitionRouteLocator    : Loaded RoutePredicateFactory [Host]
2026-02-22T16:40:32.494Z  INFO 9192 --- [gateway-service] [           main] o.s.c.g.r.RouteDefinitionRouteLocator    : Loaded RoutePredicateFactory [Method]
2026-02-22T16:40:32.494Z  INFO 9192 --- [gateway-service] [           main] o.s.c.g.r.RouteDefinitionRouteLocator    : Loaded RoutePredicateFactory [Path]
2026-02-22T16:40:32.494Z  INFO 9192 --- [gateway-service] [           main] o.s.c.g.r.RouteDefinitionRouteLocator    : Loaded RoutePredicateFactory [Query]
2026-02-22T16:40:32.494Z  INFO 9192 --- [gateway-service] [           main] o.s.c.g.r.RouteDefinitionRouteLocator    : Loaded RoutePredicateFactory [ReadBody]
2026-02-22T16:40:32.494Z  INFO 9192 --- [gateway-service] [           main] o.s.c.g.r.RouteDefinitionRouteLocator    : Loaded RoutePredicateFactory [RemoteAddr]
2026-02-22T16:40:32.494Z  INFO 9192 --- [gateway-service] [           main] o.s.c.g.r.RouteDefinitionRouteLocator    : Loaded RoutePredicateFactory [XForwardedRemoteAddr]
2026-02-22T16:40:32.494Z  INFO 9192 --- [gateway-service] [           main] o.s.c.g.r.RouteDefinitionRouteLocator    : Loaded RoutePredicateFactory [Weight]
2026-02-22T16:40:32.494Z  INFO 9192 --- [gateway-service] [           main] o.s.c.g.r.RouteDefinitionRouteLocator    : Loaded RoutePredicateFactory [CloudFoundryRouteService]
2026-02-22T16:40:35.724Z  WARN 9192 --- [gateway-service] [           main] iguration$LoadBalancerCaffeineWarnLogger : Spring Cloud LoadBalancer is currently working with the default cache. While this cache implementation is useful for development and tests, it's recommended to use Caffeine cache in production.You can switch to using Caffeine cache, by adding it and org.springframework.cache.caffeine.CaffeineCacheManager to the classpath.
2026-02-22T16:40:37.798Z DEBUG 9192 --- [gateway-service] [           main] o.s.c.g.r.RouteDefinitionRouteLocator    : RouteDefinition auth-service applying {_genkey_0=/api/auth/**} to Path
2026-02-22T16:40:37.840Z DEBUG 9192 --- [gateway-service] [           main] o.s.c.g.r.RouteDefinitionRouteLocator    : RouteDefinition auth-service applying filter {} to SecureHeaders
2026-02-22T16:40:37.847Z DEBUG 9192 --- [gateway-service] [           main] o.s.c.g.r.RouteDefinitionRouteLocator    : RouteDefinition auth-service applying filter {_genkey_0=0} to StripPrefix
2026-02-22T16:40:37.859Z DEBUG 9192 --- [gateway-service] [           main] o.s.c.g.r.RouteDefinitionRouteLocator    : RouteDefinition matched: auth-service
2026-02-22T16:40:37.859Z DEBUG 9192 --- [gateway-service] [           main] o.s.c.g.r.RouteDefinitionRouteLocator    : RouteDefinition patient-service applying {_genkey_0=/api/patients/**} to Path
2026-02-22T16:40:37.860Z DEBUG 9192 --- [gateway-service] [           main] o.s.c.g.r.RouteDefinitionRouteLocator    : RouteDefinition patient-service applying filter {} to SecureHeaders
2026-02-22T16:40:37.862Z DEBUG 9192 --- [gateway-service] [           main] o.s.c.g.r.RouteDefinitionRouteLocator    : RouteDefinition patient-service applying filter {_genkey_0=0} to StripPrefix
2026-02-22T16:40:37.863Z DEBUG 9192 --- [gateway-service] [           main] o.s.c.g.r.RouteDefinitionRouteLocator    : RouteDefinition matched: patient-service
2026-02-22T16:40:37.864Z DEBUG 9192 --- [gateway-service] [           main] o.s.c.g.r.RouteDefinitionRouteLocator    : RouteDefinition staff-service applying {_genkey_0=/api/staff/**} to Path
2026-02-22T16:40:37.865Z DEBUG 9192 --- [gateway-service] [           main] o.s.c.g.r.RouteDefinitionRouteLocator    : RouteDefinition staff-service applying filter {} to SecureHeaders
2026-02-22T16:40:37.866Z DEBUG 9192 --- [gateway-service] [           main] o.s.c.g.r.RouteDefinitionRouteLocator    : RouteDefinition staff-service applying filter {_genkey_0=0} to StripPrefix
2026-02-22T16:40:37.867Z DEBUG 9192 --- [gateway-service] [           main] o.s.c.g.r.RouteDefinitionRouteLocator    : RouteDefinition matched: staff-service
2026-02-22T16:40:37.868Z DEBUG 9192 --- [gateway-service] [           main] o.s.c.g.r.RouteDefinitionRouteLocator    : RouteDefinition appointment-service applying {_genkey_0=/api/appointments/**} to Path
2026-02-22T16:40:37.869Z DEBUG 9192 --- [gateway-service] [           main] o.s.c.g.r.RouteDefinitionRouteLocator    : RouteDefinition appointment-service applying filter {} to SecureHeaders
2026-02-22T16:40:37.870Z DEBUG 9192 --- [gateway-service] [           main] o.s.c.g.r.RouteDefinitionRouteLocator    : RouteDefinition appointment-service applying filter {_genkey_0=0} to StripPrefix
2026-02-22T16:40:37.873Z DEBUG 9192 --- [gateway-service] [           main] o.s.c.g.r.RouteDefinitionRouteLocator    : RouteDefinition matched: appointment-service
2026-02-22T16:40:37.873Z DEBUG 9192 --- [gateway-service] [           main] o.s.c.g.r.RouteDefinitionRouteLocator    : RouteDefinition medical-record-service applying {_genkey_0=/api/medical-records/**} to Path
2026-02-22T16:40:37.875Z DEBUG 9192 --- [gateway-service] [           main] o.s.c.g.r.RouteDefinitionRouteLocator    : RouteDefinition medical-record-service applying filter {} to SecureHeaders
2026-02-22T16:40:37.876Z DEBUG 9192 --- [gateway-service] [           main] o.s.c.g.r.RouteDefinitionRouteLocator    : RouteDefinition medical-record-service applying filter {_genkey_0=0} to StripPrefix
2026-02-22T16:40:37.877Z DEBUG 9192 --- [gateway-service] [           main] o.s.c.g.r.RouteDefinitionRouteLocator    : RouteDefinition matched: medical-record-service
2026-02-22T16:40:37.877Z DEBUG 9192 --- [gateway-service] [           main] o.s.c.g.r.RouteDefinitionRouteLocator    : RouteDefinition consultations-service applying {_genkey_0=/api/consultations/**} to Path
2026-02-22T16:40:37.879Z DEBUG 9192 --- [gateway-service] [           main] o.s.c.g.r.RouteDefinitionRouteLocator    : RouteDefinition consultations-service applying filter {} to SecureHeaders
2026-02-22T16:40:37.880Z DEBUG 9192 --- [gateway-service] [           main] o.s.c.g.r.RouteDefinitionRouteLocator    : RouteDefinition consultations-service applying filter {_genkey_0=0} to StripPrefix
2026-02-22T16:40:37.881Z DEBUG 9192 --- [gateway-service] [           main] o.s.c.g.r.RouteDefinitionRouteLocator    : RouteDefinition matched: consultations-service
2026-02-22T16:40:37.897Z DEBUG 9192 --- [gateway-service] [           main] o.s.c.g.filter.GatewayMetricsFilter      : New routes count: 6
2026-02-22T16:40:37.900Z  INFO 9192 --- [gateway-service] [           main] c.h.gateway.GatewayIntegrationTest       : Started GatewayIntegrationTest in 13.688 seconds (process running for 23.442)
2026-02-22T16:40:38.014Z DEBUG 9192 --- [gateway-service] [     parallel-1] o.s.c.g.h.RoutePredicateHandlerMapping   : Route matched: patient-service
2026-02-22T16:40:38.019Z DEBUG 9192 --- [gateway-service] [     parallel-1] o.s.c.g.h.RoutePredicateHandlerMapping   : Mapping [Exchange: GET /api/patients/1] to Route{id='patient-service', uri=lb://patient-service, order=0, predicate=Paths: [/api/patients/**], match trailing slash: true, gatewayFilters=[[[SecureHeaders], order = 1], [[StripPrefix parts = 0], order = 1]], metadata={}}
2026-02-22T16:40:38.020Z DEBUG 9192 --- [gateway-service] [     parallel-1] o.s.c.g.h.RoutePredicateHandlerMapping   : [157abafc] Mapped to org.springframework.cloud.gateway.handler.FilteringWebHandler@3e94a6f6
2026-02-22T16:40:38.023Z DEBUG 9192 --- [gateway-service] [     parallel-1] o.s.c.g.handler.FilteringWebHandler      : Sorted gatewayFilterFactories: [[GatewayFilterAdapter{delegate=org.springframework.cloud.gateway.filter.RemoveCachedBodyFilter@19f9287a}, order = -2147483648], [GatewayFilterAdapter{delegate=org.springframework.cloud.gateway.filter.AdaptCachedBodyGlobalFilter@4e00723b}, order = -2147482648], [GatewayFilterAdapter{delegate=com.hospital.gateway.filter.AuthenticationFilter@73cfafd8}, order = -100], [GatewayFilterAdapter{delegate=com.hospital.gateway.filter.BruteforceByIpFilter@4b517357}, order = -92], [GatewayFilterAdapter{delegate=com.hospital.gateway.filter.RateLimitFilter@62d5617}, order = -90], [GatewayFilterAdapter{delegate=com.hospital.gateway.filter.InputValidationFilter@702ab027}, order = -80], [GatewayFilterAdapter{delegate=com.hospital.gateway.filter.RbacAuthorizationFilter@8929865}, order = -50], [GatewayFilterAdapter{delegate=org.springframework.cloud.gateway.filter.NettyWriteResponseFilter@1dab2cf5}, order = -1], [GatewayFilterAdapter{delegate=org.springframework.cloud.gateway.filter.ForwardPathFilter@3a1540be}, order = 0], [GatewayFilterAdapter{delegate=org.springframework.cloud.gateway.filter.GatewayMetricsFilter@65fa1cd}, order = 0], [[SecureHeaders], order = 1], [[StripPrefix parts = 0], order = 1], [GatewayFilterAdapter{delegate=org.springframework.cloud.gateway.filter.RouteToRequestUrlFilter@4924ad09}, order = 10000], [GatewayFilterAdapter{delegate=org.springframework.cloud.gateway.filter.ReactiveLoadBalancerClientFilter@489989eb}, order = 10150], [GatewayFilterAdapter{delegate=org.springframework.cloud.gateway.filter.LoadBalancerServiceInstanceCookieFilter@6d97a357}, order = 10151], [GatewayFilterAdapter{delegate=org.springframework.cloud.gateway.filter.WebsocketRoutingFilter@6aff157e}, order = 2147483646], [GatewayFilterAdapter{delegate=org.springframework.cloud.gateway.filter.NettyRoutingFilter@1e6cd1c}, order = 2147483647], [GatewayFilterAdapter{delegate=org.springframework.cloud.gateway.filter.ForwardRoutingFilter@7e9d171c}, order = 2147483647]]
]]></system-out>
  </testcase>
  <testcase name="suspiciousQueryParam_returns400" classname="com.hospital.gateway.GatewayIntegrationTest" time="0.093">
    <system-out><![CDATA[2026-02-22T16:40:38.434Z DEBUG 9192 --- [gateway-service] [     parallel-2] o.s.c.g.h.RoutePredicateHandlerMapping   : Route matched: patient-service
2026-02-22T16:40:38.434Z DEBUG 9192 --- [gateway-service] [     parallel-2] o.s.c.g.h.RoutePredicateHandlerMapping   : Mapping [Exchange: GET /api/patients/search?query=x%20OR%201%3D1] to Route{id='patient-service', uri=lb://patient-service, order=0, predicate=Paths: [/api/patients/**], match trailing slash: true, gatewayFilters=[[[SecureHeaders], order = 1], [[StripPrefix parts = 0], order = 1]], metadata={}}
2026-02-22T16:40:38.434Z DEBUG 9192 --- [gateway-service] [     parallel-2] o.s.c.g.h.RoutePredicateHandlerMapping   : [618d79de] Mapped to org.springframework.cloud.gateway.handler.FilteringWebHandler@3e94a6f6
2026-02-22T16:40:38.434Z DEBUG 9192 --- [gateway-service] [     parallel-2] o.s.c.g.handler.FilteringWebHandler      : Sorted gatewayFilterFactories: [[GatewayFilterAdapter{delegate=org.springframework.cloud.gateway.filter.RemoveCachedBodyFilter@19f9287a}, order = -2147483648], [GatewayFilterAdapter{delegate=org.springframework.cloud.gateway.filter.AdaptCachedBodyGlobalFilter@4e00723b}, order = -2147482648], [GatewayFilterAdapter{delegate=com.hospital.gateway.filter.AuthenticationFilter@73cfafd8}, order = -100], [GatewayFilterAdapter{delegate=com.hospital.gateway.filter.BruteforceByIpFilter@4b517357}, order = -92], [GatewayFilterAdapter{delegate=com.hospital.gateway.filter.RateLimitFilter@62d5617}, order = -90], [GatewayFilterAdapter{delegate=com.hospital.gateway.filter.InputValidationFilter@702ab027}, order = -80], [GatewayFilterAdapter{delegate=com.hospital.gateway.filter.RbacAuthorizationFilter@8929865}, order = -50], [GatewayFilterAdapter{delegate=org.springframework.cloud.gateway.filter.NettyWriteResponseFilter@1dab2cf5}, order = -1], [GatewayFilterAdapter{delegate=org.springframework.cloud.gateway.filter.ForwardPathFilter@3a1540be}, order = 0], [GatewayFilterAdapter{delegate=org.springframework.cloud.gateway.filter.GatewayMetricsFilter@65fa1cd}, order = 0], [[SecureHeaders], order = 1], [[StripPrefix parts = 0], order = 1], [GatewayFilterAdapter{delegate=org.springframework.cloud.gateway.filter.RouteToRequestUrlFilter@4924ad09}, order = 10000], [GatewayFilterAdapter{delegate=org.springframework.cloud.gateway.filter.ReactiveLoadBalancerClientFilter@489989eb}, order = 10150], [GatewayFilterAdapter{delegate=org.springframework.cloud.gateway.filter.LoadBalancerServiceInstanceCookieFilter@6d97a357}, order = 10151], [GatewayFilterAdapter{delegate=org.springframework.cloud.gateway.filter.WebsocketRoutingFilter@6aff157e}, order = 2147483646], [GatewayFilterAdapter{delegate=org.springframework.cloud.gateway.filter.NettyRoutingFilter@1e6cd1c}, order = 2147483647], [GatewayFilterAdapter{delegate=org.springframework.cloud.gateway.filter.ForwardRoutingFilter@7e9d171c}, order = 2147483647]]
2026-02-22T16:40:38.464Z DEBUG 9192 --- [gateway-service] [     parallel-2] c.h.g.audit.NoOpSecurityAuditSender      : SUSPICIOUS_INPUT (no-op audit): eventType=SUSPICIOUS_INPUT, source=query, path=/api/patients/search, method=GET, category=SQLI
]]></system-out>
  </testcase>
  <testcase name="safeQueryParam_passesValidation" classname="com.hospital.gateway.GatewayIntegrationTest" time="0.013">
    <system-out><![CDATA[2026-02-22T16:40:38.482Z DEBUG 9192 --- [gateway-service] [     parallel-3] o.s.c.g.h.RoutePredicateHandlerMapping   : Route matched: patient-service
2026-02-22T16:40:38.482Z DEBUG 9192 --- [gateway-service] [     parallel-3] o.s.c.g.h.RoutePredicateHandlerMapping   : Mapping [Exchange: GET /api/patients/search?query=Doe] to Route{id='patient-service', uri=lb://patient-service, order=0, predicate=Paths: [/api/patients/**], match trailing slash: true, gatewayFilters=[[[SecureHeaders], order = 1], [[StripPrefix parts = 0], order = 1]], metadata={}}
2026-02-22T16:40:38.483Z DEBUG 9192 --- [gateway-service] [     parallel-3] o.s.c.g.h.RoutePredicateHandlerMapping   : [1665960f] Mapped to org.springframework.cloud.gateway.handler.FilteringWebHandler@3e94a6f6
2026-02-22T16:40:38.483Z DEBUG 9192 --- [gateway-service] [     parallel-3] o.s.c.g.handler.FilteringWebHandler      : Sorted gatewayFilterFactories: [[GatewayFilterAdapter{delegate=org.springframework.cloud.gateway.filter.RemoveCachedBodyFilter@19f9287a}, order = -2147483648], [GatewayFilterAdapter{delegate=org.springframework.cloud.gateway.filter.AdaptCachedBodyGlobalFilter@4e00723b}, order = -2147482648], [GatewayFilterAdapter{delegate=com.hospital.gateway.filter.AuthenticationFilter@73cfafd8}, order = -100], [GatewayFilterAdapter{delegate=com.hospital.gateway.filter.BruteforceByIpFilter@4b517357}, order = -92], [GatewayFilterAdapter{delegate=com.hospital.gateway.filter.RateLimitFilter@62d5617}, order = -90], [GatewayFilterAdapter{delegate=com.hospital.gateway.filter.InputValidationFilter@702ab027}, order = -80], [GatewayFilterAdapter{delegate=com.hospital.gateway.filter.RbacAuthorizationFilter@8929865}, order = -50], [GatewayFilterAdapter{delegate=org.springframework.cloud.gateway.filter.NettyWriteResponseFilter@1dab2cf5}, order = -1], [GatewayFilterAdapter{delegate=org.springframework.cloud.gateway.filter.ForwardPathFilter@3a1540be}, order = 0], [GatewayFilterAdapter{delegate=org.springframework.cloud.gateway.filter.GatewayMetricsFilter@65fa1cd}, order = 0], [[SecureHeaders], order = 1], [[StripPrefix parts = 0], order = 1], [GatewayFilterAdapter{delegate=org.springframework.cloud.gateway.filter.RouteToRequestUrlFilter@4924ad09}, order = 10000], [GatewayFilterAdapter{delegate=org.springframework.cloud.gateway.filter.ReactiveLoadBalancerClientFilter@489989eb}, order = 10150], [GatewayFilterAdapter{delegate=org.springframework.cloud.gateway.filter.LoadBalancerServiceInstanceCookieFilter@6d97a357}, order = 10151], [GatewayFilterAdapter{delegate=org.springframework.cloud.gateway.filter.WebsocketRoutingFilter@6aff157e}, order = 2147483646], [GatewayFilterAdapter{delegate=org.springframework.cloud.gateway.filter.NettyRoutingFilter@1e6cd1c}, order = 2147483647], [GatewayFilterAdapter{delegate=org.springframework.cloud.gateway.filter.ForwardRoutingFilter@7e9d171c}, order = 2147483647]]
]]></system-out>
  </testcase>
  <testcase name="health_returns200" classname="com.hospital.gateway.GatewayIntegrationTest" time="0.27"/>
  <testcase name="protectedPath_validToken_deniedRole_returns403" classname="com.hospital.gateway.GatewayIntegrationTest" time="0.022">
    <system-out><![CDATA[2026-02-22T16:40:38.773Z DEBUG 9192 --- [gateway-service] [     parallel-5] o.s.c.g.h.RoutePredicateHandlerMapping   : Route matched: patient-service
2026-02-22T16:40:38.774Z DEBUG 9192 --- [gateway-service] [     parallel-5] o.s.c.g.h.RoutePredicateHandlerMapping   : Mapping [Exchange: GET /api/patients/1] to Route{id='patient-service', uri=lb://patient-service, order=0, predicate=Paths: [/api/patients/**], match trailing slash: true, gatewayFilters=[[[SecureHeaders], order = 1], [[StripPrefix parts = 0], order = 1]], metadata={}}
2026-02-22T16:40:38.774Z DEBUG 9192 --- [gateway-service] [     parallel-5] o.s.c.g.h.RoutePredicateHandlerMapping   : [7a3ff9d7] Mapped to org.springframework.cloud.gateway.handler.FilteringWebHandler@3e94a6f6
2026-02-22T16:40:38.774Z DEBUG 9192 --- [gateway-service] [     parallel-5] o.s.c.g.handler.FilteringWebHandler      : Sorted gatewayFilterFactories: [[GatewayFilterAdapter{delegate=org.springframework.cloud.gateway.filter.RemoveCachedBodyFilter@19f9287a}, order = -2147483648], [GatewayFilterAdapter{delegate=org.springframework.cloud.gateway.filter.AdaptCachedBodyGlobalFilter@4e00723b}, order = -2147482648], [GatewayFilterAdapter{delegate=com.hospital.gateway.filter.AuthenticationFilter@73cfafd8}, order = -100], [GatewayFilterAdapter{delegate=com.hospital.gateway.filter.BruteforceByIpFilter@4b517357}, order = -92], [GatewayFilterAdapter{delegate=com.hospital.gateway.filter.RateLimitFilter@62d5617}, order = -90], [GatewayFilterAdapter{delegate=com.hospital.gateway.filter.InputValidationFilter@702ab027}, order = -80], [GatewayFilterAdapter{delegate=com.hospital.gateway.filter.RbacAuthorizationFilter@8929865}, order = -50], [GatewayFilterAdapter{delegate=org.springframework.cloud.gateway.filter.NettyWriteResponseFilter@1dab2cf5}, order = -1], [GatewayFilterAdapter{delegate=org.springframework.cloud.gateway.filter.ForwardPathFilter@3a1540be}, order = 0], [GatewayFilterAdapter{delegate=org.springframework.cloud.gateway.filter.GatewayMetricsFilter@65fa1cd}, order = 0], [[SecureHeaders], order = 1], [[StripPrefix parts = 0], order = 1], [GatewayFilterAdapter{delegate=org.springframework.cloud.gateway.filter.RouteToRequestUrlFilter@4924ad09}, order = 10000], [GatewayFilterAdapter{delegate=org.springframework.cloud.gateway.filter.ReactiveLoadBalancerClientFilter@489989eb}, order = 10150], [GatewayFilterAdapter{delegate=org.springframework.cloud.gateway.filter.LoadBalancerServiceInstanceCookieFilter@6d97a357}, order = 10151], [GatewayFilterAdapter{delegate=org.springframework.cloud.gateway.filter.WebsocketRoutingFilter@6aff157e}, order = 2147483646], [GatewayFilterAdapter{delegate=org.springframework.cloud.gateway.filter.NettyRoutingFilter@1e6cd1c}, order = 2147483647], [GatewayFilterAdapter{delegate=org.springframework.cloud.gateway.filter.ForwardRoutingFilter@7e9d171c}, order = 2147483647]]
2026-02-22T16:40:38.777Z DEBUG 9192 --- [gateway-service] [     parallel-5] c.h.g.audit.NoOpSecurityAuditSender      : ACCESS_DENIED (no-op audit): userId=99, resourceType=PATIENTS, resourceId=1, action=READ, reason=RBAC_DENY
]]></system-out>
  </testcase>
  <testcase name="protectedPath_withoutToken_returns401" classname="com.hospital.gateway.GatewayIntegrationTest" time="0.015">
    <system-out><![CDATA[2026-02-22T16:40:38.794Z DEBUG 9192 --- [gateway-service] [     parallel-6] o.s.c.g.h.RoutePredicateHandlerMapping   : Route matched: patient-service
2026-02-22T16:40:38.797Z DEBUG 9192 --- [gateway-service] [     parallel-6] o.s.c.g.h.RoutePredicateHandlerMapping   : Mapping [Exchange: GET /api/patients/1] to Route{id='patient-service', uri=lb://patient-service, order=0, predicate=Paths: [/api/patients/**], match trailing slash: true, gatewayFilters=[[[SecureHeaders], order = 1], [[StripPrefix parts = 0], order = 1]], metadata={}}
2026-02-22T16:40:38.797Z DEBUG 9192 --- [gateway-service] [     parallel-6] o.s.c.g.h.RoutePredicateHandlerMapping   : [37807b98] Mapped to org.springframework.cloud.gateway.handler.FilteringWebHandler@3e94a6f6
2026-02-22T16:40:38.797Z DEBUG 9192 --- [gateway-service] [     parallel-6] o.s.c.g.handler.FilteringWebHandler      : Sorted gatewayFilterFactories: [[GatewayFilterAdapter{delegate=org.springframework.cloud.gateway.filter.RemoveCachedBodyFilter@19f9287a}, order = -2147483648], [GatewayFilterAdapter{delegate=org.springframework.cloud.gateway.filter.AdaptCachedBodyGlobalFilter@4e00723b}, order = -2147482648], [GatewayFilterAdapter{delegate=com.hospital.gateway.filter.AuthenticationFilter@73cfafd8}, order = -100], [GatewayFilterAdapter{delegate=com.hospital.gateway.filter.BruteforceByIpFilter@4b517357}, order = -92], [GatewayFilterAdapter{delegate=com.hospital.gateway.filter.RateLimitFilter@62d5617}, order = -90], [GatewayFilterAdapter{delegate=com.hospital.gateway.filter.InputValidationFilter@702ab027}, order = -80], [GatewayFilterAdapter{delegate=com.hospital.gateway.filter.RbacAuthorizationFilter@8929865}, order = -50], [GatewayFilterAdapter{delegate=org.springframework.cloud.gateway.filter.NettyWriteResponseFilter@1dab2cf5}, order = -1], [GatewayFilterAdapter{delegate=org.springframework.cloud.gateway.filter.ForwardPathFilter@3a1540be}, order = 0], [GatewayFilterAdapter{delegate=org.springframework.cloud.gateway.filter.GatewayMetricsFilter@65fa1cd}, order = 0], [[SecureHeaders], order = 1], [[StripPrefix parts = 0], order = 1], [GatewayFilterAdapter{delegate=org.springframework.cloud.gateway.filter.RouteToRequestUrlFilter@4924ad09}, order = 10000], [GatewayFilterAdapter{delegate=org.springframework.cloud.gateway.filter.ReactiveLoadBalancerClientFilter@489989eb}, order = 10150], [GatewayFilterAdapter{delegate=org.springframework.cloud.gateway.filter.LoadBalancerServiceInstanceCookieFilter@6d97a357}, order = 10151], [GatewayFilterAdapter{delegate=org.springframework.cloud.gateway.filter.WebsocketRoutingFilter@6aff157e}, order = 2147483646], [GatewayFilterAdapter{delegate=org.springframework.cloud.gateway.filter.NettyRoutingFilter@1e6cd1c}, order = 2147483647], [GatewayFilterAdapter{delegate=org.springframework.cloud.gateway.filter.ForwardRoutingFilter@7e9d171c}, order = 2147483647]]
]]></system-out>
  </testcase>
  <testcase name="protectedPath_validToken_allowedRole_passesFilters" classname="com.hospital.gateway.GatewayIntegrationTest" time="0.284">
    <system-out><![CDATA[2026-02-22T16:40:38.813Z DEBUG 9192 --- [gateway-service] [     parallel-7] o.s.c.g.h.RoutePredicateHandlerMapping   : Route matched: patient-service
2026-02-22T16:40:38.814Z DEBUG 9192 --- [gateway-service] [     parallel-7] o.s.c.g.h.RoutePredicateHandlerMapping   : Mapping [Exchange: GET /api/patients/1] to Route{id='patient-service', uri=lb://patient-service, order=0, predicate=Paths: [/api/patients/**], match trailing slash: true, gatewayFilters=[[[SecureHeaders], order = 1], [[StripPrefix parts = 0], order = 1]], metadata={}}
2026-02-22T16:40:38.814Z DEBUG 9192 --- [gateway-service] [     parallel-7] o.s.c.g.h.RoutePredicateHandlerMapping   : [33ba5805] Mapped to org.springframework.cloud.gateway.handler.FilteringWebHandler@3e94a6f6
2026-02-22T16:40:38.815Z DEBUG 9192 --- [gateway-service] [     parallel-7] o.s.c.g.handler.FilteringWebHandler      : Sorted gatewayFilterFactories: [[GatewayFilterAdapter{delegate=org.springframework.cloud.gateway.filter.RemoveCachedBodyFilter@19f9287a}, order = -2147483648], [GatewayFilterAdapter{delegate=org.springframework.cloud.gateway.filter.AdaptCachedBodyGlobalFilter@4e00723b}, order = -2147482648], [GatewayFilterAdapter{delegate=com.hospital.gateway.filter.AuthenticationFilter@73cfafd8}, order = -100], [GatewayFilterAdapter{delegate=com.hospital.gateway.filter.BruteforceByIpFilter@4b517357}, order = -92], [GatewayFilterAdapter{delegate=com.hospital.gateway.filter.RateLimitFilter@62d5617}, order = -90], [GatewayFilterAdapter{delegate=com.hospital.gateway.filter.InputValidationFilter@702ab027}, order = -80], [GatewayFilterAdapter{delegate=com.hospital.gateway.filter.RbacAuthorizationFilter@8929865}, order = -50], [GatewayFilterAdapter{delegate=org.springframework.cloud.gateway.filter.NettyWriteResponseFilter@1dab2cf5}, order = -1], [GatewayFilterAdapter{delegate=org.springframework.cloud.gateway.filter.ForwardPathFilter@3a1540be}, order = 0], [GatewayFilterAdapter{delegate=org.springframework.cloud.gateway.filter.GatewayMetricsFilter@65fa1cd}, order = 0], [[SecureHeaders], order = 1], [[StripPrefix parts = 0], order = 1], [GatewayFilterAdapter{delegate=org.springframework.cloud.gateway.filter.RouteToRequestUrlFilter@4924ad09}, order = 10000], [GatewayFilterAdapter{delegate=org.springframework.cloud.gateway.filter.ReactiveLoadBalancerClientFilter@489989eb}, order = 10150], [GatewayFilterAdapter{delegate=org.springframework.cloud.gateway.filter.LoadBalancerServiceInstanceCookieFilter@6d97a357}, order = 10151], [GatewayFilterAdapter{delegate=org.springframework.cloud.gateway.filter.WebsocketRoutingFilter@6aff157e}, order = 2147483646], [GatewayFilterAdapter{delegate=org.springframework.cloud.gateway.filter.NettyRoutingFilter@1e6cd1c}, order = 2147483647], [GatewayFilterAdapter{delegate=org.springframework.cloud.gateway.filter.ForwardRoutingFilter@7e9d171c}, order = 2147483647]]
2026-02-22T16:40:38.916Z DEBUG 9192 --- [gateway-service] [     parallel-7] o.s.c.g.r.RouteDefinitionRouteLocator    : RouteDefinition auth-service applying {_genkey_0=/api/auth/**} to Path
2026-02-22T16:40:38.919Z DEBUG 9192 --- [gateway-service] [     parallel-7] o.s.c.g.r.RouteDefinitionRouteLocator    : RouteDefinition auth-service applying filter {} to SecureHeaders
2026-02-22T16:40:38.924Z DEBUG 9192 --- [gateway-service] [     parallel-7] o.s.c.g.r.RouteDefinitionRouteLocator    : RouteDefinition auth-service applying filter {_genkey_0=0} to StripPrefix
2026-02-22T16:40:38.925Z DEBUG 9192 --- [gateway-service] [     parallel-7] o.s.c.g.r.RouteDefinitionRouteLocator    : RouteDefinition matched: auth-service
2026-02-22T16:40:38.925Z DEBUG 9192 --- [gateway-service] [     parallel-7] o.s.c.g.r.RouteDefinitionRouteLocator    : RouteDefinition patient-service applying {_genkey_0=/api/patients/**} to Path
2026-02-22T16:40:38.927Z DEBUG 9192 --- [gateway-service] [     parallel-7] o.s.c.g.r.RouteDefinitionRouteLocator    : RouteDefinition patient-service applying filter {} to SecureHeaders
2026-02-22T16:40:38.929Z DEBUG 9192 --- [gateway-service] [     parallel-7] o.s.c.g.r.RouteDefinitionRouteLocator    : RouteDefinition patient-service applying filter {_genkey_0=0} to StripPrefix
2026-02-22T16:40:38.930Z DEBUG 9192 --- [gateway-service] [     parallel-7] o.s.c.g.r.RouteDefinitionRouteLocator    : RouteDefinition matched: patient-service
2026-02-22T16:40:38.930Z DEBUG 9192 --- [gateway-service] [     parallel-7] o.s.c.g.r.RouteDefinitionRouteLocator    : RouteDefinition staff-service applying {_genkey_0=/api/staff/**} to Path
2026-02-22T16:40:38.931Z DEBUG 9192 --- [gateway-service] [     parallel-7] o.s.c.g.r.RouteDefinitionRouteLocator    : RouteDefinition staff-service applying filter {} to SecureHeaders
2026-02-22T16:40:38.934Z DEBUG 9192 --- [gateway-service] [     parallel-7] o.s.c.g.r.RouteDefinitionRouteLocator    : RouteDefinition staff-service applying filter {_genkey_0=0} to StripPrefix
2026-02-22T16:40:38.935Z DEBUG 9192 --- [gateway-service] [     parallel-7] o.s.c.g.r.RouteDefinitionRouteLocator    : RouteDefinition matched: staff-service
2026-02-22T16:40:38.936Z DEBUG 9192 --- [gateway-service] [     parallel-7] o.s.c.g.r.RouteDefinitionRouteLocator    : RouteDefinition appointment-service applying {_genkey_0=/api/appointments/**} to Path
2026-02-22T16:40:38.939Z DEBUG 9192 --- [gateway-service] [     parallel-7] o.s.c.g.r.RouteDefinitionRouteLocator    : RouteDefinition appointment-service applying filter {} to SecureHeaders
2026-02-22T16:40:38.941Z DEBUG 9192 --- [gateway-service] [     parallel-7] o.s.c.g.r.RouteDefinitionRouteLocator    : RouteDefinition appointment-service applying filter {_genkey_0=0} to StripPrefix
2026-02-22T16:40:38.943Z DEBUG 9192 --- [gateway-service] [     parallel-7] o.s.c.g.r.RouteDefinitionRouteLocator    : RouteDefinition matched: appointment-service
2026-02-22T16:40:38.943Z DEBUG 9192 --- [gateway-service] [     parallel-7] o.s.c.g.r.RouteDefinitionRouteLocator    : RouteDefinition medical-record-service applying {_genkey_0=/api/medical-records/**} to Path
2026-02-22T16:40:38.945Z DEBUG 9192 --- [gateway-service] [     parallel-7] o.s.c.g.r.RouteDefinitionRouteLocator    : RouteDefinition medical-record-service applying filter {} to SecureHeaders
2026-02-22T16:40:38.946Z DEBUG 9192 --- [gateway-service] [     parallel-7] o.s.c.g.r.RouteDefinitionRouteLocator    : RouteDefinition medical-record-service applying filter {_genkey_0=0} to StripPrefix
2026-02-22T16:40:38.947Z DEBUG 9192 --- [gateway-service] [     parallel-7] o.s.c.g.r.RouteDefinitionRouteLocator    : RouteDefinition matched: medical-record-service
2026-02-22T16:40:38.948Z DEBUG 9192 --- [gateway-service] [     parallel-7] o.s.c.g.r.RouteDefinitionRouteLocator    : RouteDefinition consultations-service applying {_genkey_0=/api/consultations/**} to Path
2026-02-22T16:40:38.949Z DEBUG 9192 --- [gateway-service] [     parallel-7] o.s.c.g.r.RouteDefinitionRouteLocator    : RouteDefinition consultations-service applying filter {} to SecureHeaders
2026-02-22T16:40:38.950Z DEBUG 9192 --- [gateway-service] [     parallel-7] o.s.c.g.r.RouteDefinitionRouteLocator    : RouteDefinition consultations-service applying filter {_genkey_0=0} to StripPrefix
2026-02-22T16:40:38.952Z DEBUG 9192 --- [gateway-service] [     parallel-7] o.s.c.g.r.RouteDefinitionRouteLocator    : RouteDefinition matched: consultations-service
2026-02-22T16:40:38.957Z DEBUG 9192 --- [gateway-service] [     parallel-7] o.s.c.g.filter.GatewayMetricsFilter      : New routes count: 6
2026-02-22T16:40:38.997Z  WARN 9192 --- [gateway-service] [     parallel-7] o.s.c.l.core.RoundRobinLoadBalancer      : No servers available for service: patient-service
]]></system-out>
  </testcase>
  <testcase name="publicPath_login_doesNotRequireToken" classname="com.hospital.gateway.GatewayIntegrationTest" time="0.17">
    <system-out><![CDATA[2026-02-22T16:40:39.101Z DEBUG 9192 --- [gateway-service] [     parallel-1] o.s.c.g.h.RoutePredicateHandlerMapping   : Route matched: auth-service
2026-02-22T16:40:39.106Z DEBUG 9192 --- [gateway-service] [     parallel-1] o.s.c.g.h.RoutePredicateHandlerMapping   : Mapping [Exchange: POST /api/auth/login] to Route{id='auth-service', uri=lb://auth-service, order=0, predicate=Paths: [/api/auth/**], match trailing slash: true, gatewayFilters=[[[SecureHeaders], order = 1], [[StripPrefix parts = 0], order = 1]], metadata={}}
2026-02-22T16:40:39.109Z DEBUG 9192 --- [gateway-service] [     parallel-1] o.s.c.g.h.RoutePredicateHandlerMapping   : [2e18b2a1] Mapped to org.springframework.cloud.gateway.handler.FilteringWebHandler@3e94a6f6
2026-02-22T16:40:39.111Z DEBUG 9192 --- [gateway-service] [     parallel-1] o.s.c.g.handler.FilteringWebHandler      : Sorted gatewayFilterFactories: [[GatewayFilterAdapter{delegate=org.springframework.cloud.gateway.filter.RemoveCachedBodyFilter@19f9287a}, order = -2147483648], [GatewayFilterAdapter{delegate=org.springframework.cloud.gateway.filter.AdaptCachedBodyGlobalFilter@4e00723b}, order = -2147482648], [GatewayFilterAdapter{delegate=com.hospital.gateway.filter.AuthenticationFilter@73cfafd8}, order = -100], [GatewayFilterAdapter{delegate=com.hospital.gateway.filter.BruteforceByIpFilter@4b517357}, order = -92], [GatewayFilterAdapter{delegate=com.hospital.gateway.filter.RateLimitFilter@62d5617}, order = -90], [GatewayFilterAdapter{delegate=com.hospital.gateway.filter.InputValidationFilter@702ab027}, order = -80], [GatewayFilterAdapter{delegate=com.hospital.gateway.filter.RbacAuthorizationFilter@8929865}, order = -50], [GatewayFilterAdapter{delegate=org.springframework.cloud.gateway.filter.NettyWriteResponseFilter@1dab2cf5}, order = -1], [GatewayFilterAdapter{delegate=org.springframework.cloud.gateway.filter.ForwardPathFilter@3a1540be}, order = 0], [GatewayFilterAdapter{delegate=org.springframework.cloud.gateway.filter.GatewayMetricsFilter@65fa1cd}, order = 0], [[SecureHeaders], order = 1], [[StripPrefix parts = 0], order = 1], [GatewayFilterAdapter{delegate=org.springframework.cloud.gateway.filter.RouteToRequestUrlFilter@4924ad09}, order = 10000], [GatewayFilterAdapter{delegate=org.springframework.cloud.gateway.filter.ReactiveLoadBalancerClientFilter@489989eb}, order = 10150], [GatewayFilterAdapter{delegate=org.springframework.cloud.gateway.filter.LoadBalancerServiceInstanceCookieFilter@6d97a357}, order = 10151], [GatewayFilterAdapter{delegate=org.springframework.cloud.gateway.filter.WebsocketRoutingFilter@6aff157e}, order = 2147483646], [GatewayFilterAdapter{delegate=org.springframework.cloud.gateway.filter.NettyRoutingFilter@1e6cd1c}, order = 2147483647], [GatewayFilterAdapter{delegate=org.springframework.cloud.gateway.filter.ForwardRoutingFilter@7e9d171c}, order = 2147483647]]
2026-02-22T16:40:39.201Z DEBUG 9192 --- [gateway-service] [     parallel-1] o.s.c.g.r.RouteDefinitionRouteLocator    : RouteDefinition auth-service applying {_genkey_0=/api/auth/**} to Path
2026-02-22T16:40:39.209Z DEBUG 9192 --- [gateway-service] [     parallel-1] o.s.c.g.r.RouteDefinitionRouteLocator    : RouteDefinition auth-service applying filter {} to SecureHeaders
2026-02-22T16:40:39.212Z DEBUG 9192 --- [gateway-service] [     parallel-1] o.s.c.g.r.RouteDefinitionRouteLocator    : RouteDefinition auth-service applying filter {_genkey_0=0} to StripPrefix
2026-02-22T16:40:39.213Z DEBUG 9192 --- [gateway-service] [     parallel-1] o.s.c.g.r.RouteDefinitionRouteLocator    : RouteDefinition matched: auth-service
2026-02-22T16:40:39.214Z DEBUG 9192 --- [gateway-service] [     parallel-1] o.s.c.g.r.RouteDefinitionRouteLocator    : RouteDefinition patient-service applying {_genkey_0=/api/patients/**} to Path
2026-02-22T16:40:39.216Z DEBUG 9192 --- [gateway-service] [     parallel-1] o.s.c.g.r.RouteDefinitionRouteLocator    : RouteDefinition patient-service applying filter {} to SecureHeaders
2026-02-22T16:40:39.219Z DEBUG 9192 --- [gateway-service] [     parallel-1] o.s.c.g.r.RouteDefinitionRouteLocator    : RouteDefinition patient-service applying filter {_genkey_0=0} to StripPrefix
2026-02-22T16:40:39.224Z DEBUG 9192 --- [gateway-service] [     parallel-1] o.s.c.g.r.RouteDefinitionRouteLocator    : RouteDefinition matched: patient-service
2026-02-22T16:40:39.224Z DEBUG 9192 --- [gateway-service] [     parallel-1] o.s.c.g.r.RouteDefinitionRouteLocator    : RouteDefinition staff-service applying {_genkey_0=/api/staff/**} to Path
2026-02-22T16:40:39.226Z DEBUG 9192 --- [gateway-service] [     parallel-1] o.s.c.g.r.RouteDefinitionRouteLocator    : RouteDefinition staff-service applying filter {} to SecureHeaders
2026-02-22T16:40:39.228Z DEBUG 9192 --- [gateway-service] [     parallel-1] o.s.c.g.r.RouteDefinitionRouteLocator    : RouteDefinition staff-service applying filter {_genkey_0=0} to StripPrefix
2026-02-22T16:40:39.231Z DEBUG 9192 --- [gateway-service] [     parallel-1] o.s.c.g.r.RouteDefinitionRouteLocator    : RouteDefinition matched: staff-service
2026-02-22T16:40:39.231Z DEBUG 9192 --- [gateway-service] [     parallel-1] o.s.c.g.r.RouteDefinitionRouteLocator    : RouteDefinition appointment-service applying {_genkey_0=/api/appointments/**} to Path
2026-02-22T16:40:39.236Z DEBUG 9192 --- [gateway-service] [     parallel-1] o.s.c.g.r.RouteDefinitionRouteLocator    : RouteDefinition appointment-service applying filter {} to SecureHeaders
2026-02-22T16:40:39.239Z DEBUG 9192 --- [gateway-service] [     parallel-1] o.s.c.g.r.RouteDefinitionRouteLocator    : RouteDefinition appointment-service applying filter {_genkey_0=0} to StripPrefix
2026-02-22T16:40:39.242Z DEBUG 9192 --- [gateway-service] [     parallel-1] o.s.c.g.r.RouteDefinitionRouteLocator    : RouteDefinition matched: appointment-service
2026-02-22T16:40:39.242Z DEBUG 9192 --- [gateway-service] [     parallel-1] o.s.c.g.r.RouteDefinitionRouteLocator    : RouteDefinition medical-record-service applying {_genkey_0=/api/medical-records/**} to Path
2026-02-22T16:40:39.242Z DEBUG 9192 --- [gateway-service] [     parallel-1] o.s.c.g.r.RouteDefinitionRouteLocator    : RouteDefinition medical-record-service applying filter {} to SecureHeaders
2026-02-22T16:40:39.244Z DEBUG 9192 --- [gateway-service] [     parallel-1] o.s.c.g.r.RouteDefinitionRouteLocator    : RouteDefinition medical-record-service applying filter {_genkey_0=0} to StripPrefix
2026-02-22T16:40:39.245Z DEBUG 9192 --- [gateway-service] [     parallel-1] o.s.c.g.r.RouteDefinitionRouteLocator    : RouteDefinition matched: medical-record-service
2026-02-22T16:40:39.246Z DEBUG 9192 --- [gateway-service] [     parallel-1] o.s.c.g.r.RouteDefinitionRouteLocator    : RouteDefinition consultations-service applying {_genkey_0=/api/consultations/**} to Path
2026-02-22T16:40:39.247Z DEBUG 9192 --- [gateway-service] [     parallel-1] o.s.c.g.r.RouteDefinitionRouteLocator    : RouteDefinition consultations-service applying filter {} to SecureHeaders
2026-02-22T16:40:39.249Z DEBUG 9192 --- [gateway-service] [     parallel-1] o.s.c.g.r.RouteDefinitionRouteLocator    : RouteDefinition consultations-service applying filter {_genkey_0=0} to StripPrefix
2026-02-22T16:40:39.250Z DEBUG 9192 --- [gateway-service] [     parallel-1] o.s.c.g.r.RouteDefinitionRouteLocator    : RouteDefinition matched: consultations-service
2026-02-22T16:40:39.251Z DEBUG 9192 --- [gateway-service] [     parallel-1] o.s.c.g.filter.GatewayMetricsFilter      : New routes count: 6
2026-02-22T16:40:39.252Z  WARN 9192 --- [gateway-service] [     parallel-1] o.s.c.l.core.RoundRobinLoadBalancer      : No servers available for service: auth-service
]]></system-out>
  </testcase>
</testsuite>