<?xml version="1.0" encoding="UTF-8"?>
<testsuite xmlns:xsi="http://www.w3.org/2001/XMLSchema-instance" xsi:noNamespaceSchemaLocation="https://maven.apache.org/surefire/maven-surefire-plugin/xsd/surefire-test-report-3.0.xsd" version="3.0" name="com.hospital.gateway.GatewayRoutesConfigTest" time="20.465" tests="1" errors="0" skipped="0" failures="0">
  <properties>
[...]
</properties>
  <testcase name="gatewayHasRoutesForAllKitServices" classname="com.hospital.gateway.GatewayRoutesConfigTest" time="0.049">
    <system-out><![CDATA[19:37:07.076 [main] INFO org.springframework.test.context.support.AnnotationConfigContextLoaderUtils -- Could not detect default configuration classes for test class [com.hospital.gateway.GatewayRoutesConfigTest]: GatewayRoutesConfigTest does not declare any static, non-private, non-final, nested classes annotated with @Configuration.
19:37:07.442 [main] INFO org.springframework.boot.test.context.SpringBootTestContextBootstrapper -- Found @SpringBootConfiguration com.hospital.gateway.GatewayServiceApplication for test class com.hospital.gateway.GatewayRoutesConfigTest

  .   ____          _            __ _ _
 /\\ / ___'_ __ _ _(_)_ __  __ _ \ \ \ \
( ( )\___ | '_ | '_| | '_ \/ _` | \ \ \ \
 \\/  ___)| |_)| | | | | || (_| |  ) ) ) )
  '  |____| .__|_| |_|_| |_\__, | / / / /
 =========|_|==============|___/=/_/_/_/
 :: Spring Boot ::                (v3.2.0)

2026-02-20T19:37:10.637Z  INFO 15600 --- [gateway-service] [           main] c.h.gateway.GatewayRoutesConfigTest      : Starting GatewayRoutesConfigTest using Java 17.0.12 with PID 15600 (started by md in D:\Studies\S5\Project_dev\kit-commun-final (3)\kit-commun-final\gateway-service)
2026-02-20T19:37:10.642Z  INFO 15600 --- [gateway-service] [           main] c.h.gateway.GatewayRoutesConfigTest      : No active profile set, falling back to 1 default profile: "default"
2026-02-20T19:37:13.989Z  INFO 15600 --- [gateway-service] [           main] o.s.cloud.context.scope.GenericScope     : BeanFactory id=283f256e-1776-306e-9d07-fc174cff0f90
2026-02-20T19:37:15.073Z  WARN 15600 --- [gateway-service] [           main] trationDelegate$BeanPostProcessorChecker : Bean 'org.springframework.cloud.client.loadbalancer.LoadBalancerAutoConfiguration$LoadBalancerInterceptorConfig' of type [org.springframework.cloud.client.loadbalancer.LoadBalancerAutoConfiguration$LoadBalancerInterceptorConfig] is not eligible for getting processed by all BeanPostProcessors (for example: not eligible for auto-proxying). The currently created BeanPostProcessor [lbRestClientPostProcessor] is declared through a non-static factory method on that class; consider declaring it as static instead.
2026-02-20T19:37:15.081Z  WARN 15600 --- [gateway-service] [           main] trationDelegate$BeanPostProcessorChecker : Bean 'org.springframework.cloud.loadbalancer.config.BlockingLoadBalancerClientAutoConfiguration' of type [org.springframework.cloud.loadbalancer.config.BlockingLoadBalancerClientAutoConfiguration] is not eligible for getting processed by all BeanPostProcessors (for example: not eligible for auto-proxying). Is this bean getting eagerly injected into a currently created BeanPostProcessor [lbRestClientPostProcessor]? Check the corresponding BeanPostProcessor declaration and its dependencies.
2026-02-20T19:37:15.088Z  WARN 15600 --- [gateway-service] [           main] trationDelegate$BeanPostProcessorChecker : Bean 'org.springframework.cloud.loadbalancer.config.LoadBalancerAutoConfiguration' of type [org.springframework.cloud.loadbalancer.config.LoadBalancerAutoConfiguration] is not eligible for getting processed by all BeanPostProcessors (for example: not eligible for auto-proxying). Is this bean getting eagerly injected into a currently created BeanPostProcessor [lbRestClientPostProcessor]? Check the corresponding BeanPostProcessor declaration and its dependencies.
2026-02-20T19:37:15.121Z  WARN 15600 --- [gateway-service] [           main] trationDelegate$BeanPostProcessorChecker : Bean 'org.springframework.cloud.commons.config.CommonsConfigAutoConfiguration' of type [org.springframework.cloud.commons.config.CommonsConfigAutoConfiguration] is not eligible for getting processed by all BeanPostProcessors (for example: not eligible for auto-proxying). Is this bean getting eagerly injected into a currently created BeanPostProcessor [lbRestClientPostProcessor]? Check the corresponding BeanPostProcessor declaration and its dependencies.
2026-02-20T19:37:15.127Z  WARN 15600 --- [gateway-service] [           main] trationDelegate$BeanPostProcessorChecker : Bean 'org.springframework.cloud.client.loadbalancer.LoadBalancerDefaultMappingsProviderAutoConfiguration' of type [org.springframework.cloud.client.loadbalancer.LoadBalancerDefaultMappingsProviderAutoConfiguration] is not eligible for getting processed by all BeanPostProcessors (for example: not eligible for auto-proxying). Is this bean getting eagerly injected into a currently created BeanPostProcessor [lbRestClientPostProcessor]? Check the corresponding BeanPostProcessor declaration and its dependencies.
2026-02-20T19:37:15.130Z  WARN 15600 --- [gateway-service] [           main] trationDelegate$BeanPostProcessorChecker : Bean 'loadBalancerClientsDefaultsMappingsProvider' of type [org.springframework.cloud.client.loadbalancer.LoadBalancerDefaultMappingsProviderAutoConfiguration$$Lambda$1226/0x000001fb107d0590] is not eligible for getting processed by all BeanPostProcessors (for example: not eligible for auto-proxying). Is this bean getting eagerly injected into a currently created BeanPostProcessor [lbRestClientPostProcessor]? Check the corresponding BeanPostProcessor declaration and its dependencies.
2026-02-20T19:37:15.138Z  WARN 15600 --- [gateway-service] [           main] trationDelegate$BeanPostProcessorChecker : Bean 'defaultsBindHandlerAdvisor' of type [org.springframework.cloud.commons.config.DefaultsBindHandlerAdvisor] is not eligible for getting processed by all BeanPostProcessors (for example: not eligible for auto-proxying). Is this bean getting eagerly injected into a currently created BeanPostProcessor [lbRestClientPostProcessor]? Check the corresponding BeanPostProcessor declaration and its dependencies.
2026-02-20T19:37:15.154Z  WARN 15600 --- [gateway-service] [           main] trationDelegate$BeanPostProcessorChecker : Bean 'spring.cloud.loadbalancer-org.springframework.cloud.client.loadbalancer.LoadBalancerClientsProperties' of type [org.springframework.cloud.client.loadbalancer.LoadBalancerClientsProperties] is not eligible for getting processed by all BeanPostProcessors (for example: not eligible for auto-proxying). Is this bean getting eagerly injected into a currently created BeanPostProcessor [lbRestClientPostProcessor]? Check the corresponding BeanPostProcessor declaration and its dependencies.
2026-02-20T19:37:15.170Z  WARN 15600 --- [gateway-service] [           main] trationDelegate$BeanPostProcessorChecker : Bean 'default.org.springframework.cloud.loadbalancer.config.LoadBalancerAutoConfiguration.LoadBalancerClientSpecification' of type [org.springframework.cloud.loadbalancer.annotation.LoadBalancerClientSpecification] is not eligible for getting processed by all BeanPostProcessors (for example: not eligible for auto-proxying). Is this bean getting eagerly injected into a currently created BeanPostProcessor [lbRestClientPostProcessor]? Check the corresponding BeanPostProcessor declaration and its dependencies.
2026-02-20T19:37:15.175Z  WARN 15600 --- [gateway-service] [           main] trationDelegate$BeanPostProcessorChecker : Bean 'default.org.springframework.cloud.loadbalancer.config.BlockingLoadBalancerClientAutoConfiguration.LoadBalancerClientSpecification' of type [org.springframework.cloud.loadbalancer.annotation.LoadBalancerClientSpecification] is not eligible for getting processed by all BeanPostProcessors (for example: not eligible for auto-proxying). Is this bean getting eagerly injected into a currently created BeanPostProcessor [lbRestClientPostProcessor]? Check the corresponding BeanPostProcessor declaration and its dependencies.
2026-02-20T19:37:15.177Z  WARN 15600 --- [gateway-service] [           main] trationDelegate$BeanPostProcessorChecker : Bean 'default.org.springframework.cloud.netflix.eureka.loadbalancer.LoadBalancerEurekaAutoConfiguration.LoadBalancerClientSpecification' of type [org.springframework.cloud.loadbalancer.annotation.LoadBalancerClientSpecification] is not eligible for getting processed by all BeanPostProcessors (for example: not eligible for auto-proxying). Is this bean getting eagerly injected into a currently created BeanPostProcessor [lbRestClientPostProcessor]? Check the corresponding BeanPostProcessor declaration and its dependencies.
2026-02-20T19:37:15.180Z  WARN 15600 --- [gateway-service] [           main] trationDelegate$BeanPostProcessorChecker : Bean 'loadBalancerClientFactory' of type [org.springframework.cloud.loadbalancer.support.LoadBalancerClientFactory] is not eligible for getting processed by all BeanPostProcessors (for example: not eligible for auto-proxying). Is this bean getting eagerly injected into a currently created BeanPostProcessor [lbRestClientPostProcessor]? Check the corresponding BeanPostProcessor declaration and its dependencies.
2026-02-20T19:37:15.201Z  WARN 15600 --- [gateway-service] [           main] trationDelegate$BeanPostProcessorChecker : Bean 'blockingLoadBalancerClient' of type [org.springframework.cloud.loadbalancer.blocking.client.BlockingLoadBalancerClient] is not eligible for getting processed by all BeanPostProcessors (for example: not eligible for auto-proxying). Is this bean getting eagerly injected into a currently created BeanPostProcessor [lbRestClientPostProcessor]? Check the corresponding BeanPostProcessor declaration and its dependencies.
2026-02-20T19:37:15.223Z  WARN 15600 --- [gateway-service] [           main] trationDelegate$BeanPostProcessorChecker : Bean 'loadBalancerServiceInstanceCookieTransformer' of type [org.springframework.cloud.loadbalancer.core.LoadBalancerServiceInstanceCookieTransformer] is not eligible for getting processed by all BeanPostProcessors (for example: not eligible for auto-proxying). Is this bean getting eagerly injected into a currently created BeanPostProcessor [lbRestClientPostProcessor]? Check the corresponding BeanPostProcessor declaration and its dependencies.
2026-02-20T19:37:15.230Z  WARN 15600 --- [gateway-service] [           main] trationDelegate$BeanPostProcessorChecker : Bean 'xForwarderHeadersTransformer' of type [org.springframework.cloud.loadbalancer.blocking.XForwardedHeadersTransformer] is not eligible for getting processed by all BeanPostProcessors (for example: not eligible for auto-proxying). Is this bean getting eagerly injected into a currently created BeanPostProcessor [lbRestClientPostProcessor]? Check the corresponding BeanPostProcessor declaration and its dependencies.
2026-02-20T19:37:15.235Z  WARN 15600 --- [gateway-service] [           main] trationDelegate$BeanPostProcessorChecker : Bean 'org.springframework.cloud.client.loadbalancer.LoadBalancerAutoConfiguration' of type [org.springframework.cloud.client.loadbalancer.LoadBalancerAutoConfiguration] is not eligible for getting processed by all BeanPostProcessors (for example: not eligible for auto-proxying). Is this bean getting eagerly injected into a currently created BeanPostProcessor [lbRestClientPostProcessor]? Check the corresponding BeanPostProcessor declaration and its dependencies.
2026-02-20T19:37:15.246Z  WARN 15600 --- [gateway-service] [           main] trationDelegate$BeanPostProcessorChecker : Bean 'loadBalancerRequestFactory' of type [org.springframework.cloud.client.loadbalancer.LoadBalancerRequestFactory] is not eligible for getting processed by all BeanPostProcessors (for example: not eligible for auto-proxying). Is this bean getting eagerly injected into a currently created BeanPostProcessor [lbRestClientPostProcessor]? Check the corresponding BeanPostProcessor declaration and its dependencies.
2026-02-20T19:37:15.251Z  WARN 15600 --- [gateway-service] [           main] trationDelegate$BeanPostProcessorChecker : Bean 'loadBalancerInterceptor' of type [org.springframework.cloud.client.loadbalancer.LoadBalancerInterceptor] is not eligible for getting processed by all BeanPostProcessors (for example: not eligible for auto-proxying). Is this bean getting eagerly injected into a currently created BeanPostProcessor [lbRestClientPostProcessor]? Check the corresponding BeanPostProcessor declaration and its dependencies.
2026-02-20T19:37:15.264Z  WARN 15600 --- [gateway-service] [           main] trationDelegate$BeanPostProcessorChecker : Bean 'org.springframework.cloud.client.loadbalancer.reactive.LoadBalancerBeanPostProcessorAutoConfiguration' of type [org.springframework.cloud.client.loadbalancer.reactive.LoadBalancerBeanPostProcessorAutoConfiguration] is not eligible for getting processed by all BeanPostProcessors (for example: not eligible for auto-proxying). The currently created BeanPostProcessor [loadBalancerWebClientBuilderBeanPostProcessor] is declared through a non-static factory method on that class; consider declaring it as static instead.
2026-02-20T19:37:15.268Z  WARN 15600 --- [gateway-service] [           main] trationDelegate$BeanPostProcessorChecker : Bean 'org.springframework.cloud.client.loadbalancer.reactive.LoadBalancerBeanPostProcessorAutoConfiguration$ReactorDeferringLoadBalancerFilterConfig' of type [org.springframework.cloud.client.loadbalancer.reactive.LoadBalancerBeanPostProcessorAutoConfiguration$ReactorDeferringLoadBalancerFilterConfig] is not eligible for getting processed by all BeanPostProcessors (for example: not eligible for auto-proxying). Is this bean getting eagerly injected into a currently created BeanPostProcessor [loadBalancerWebClientBuilderBeanPostProcessor]? Check the corresponding BeanPostProcessor declaration and its dependencies.
2026-02-20T19:37:15.273Z  WARN 15600 --- [gateway-service] [           main] trationDelegate$BeanPostProcessorChecker : Bean 'reactorDeferringLoadBalancerExchangeFilterFunction' of type [org.springframework.cloud.client.loadbalancer.reactive.DeferringLoadBalancerExchangeFilterFunction] is not eligible for getting processed by all BeanPostProcessors (for example: not eligible for auto-proxying). Is this bean getting eagerly injected into a currently created BeanPostProcessor [loadBalancerWebClientBuilderBeanPostProcessor]? Check the corresponding BeanPostProcessor declaration and its dependencies.
2026-02-20T19:37:17.559Z  INFO 15600 --- [gateway-service] [           main] o.s.cloud.commons.util.InetUtils         : Cannot determine local hostname
2026-02-20T19:37:18.050Z DEBUG 15600 --- [gateway-service] [           main] o.s.c.gateway.config.GatewayProperties   : Routes supplied from Gateway Properties: [RouteDefinition{id='auth-service', predicates=[PredicateDefinition{name='Path', args={_genkey_0=/api/auth/**}}], filters=[FilterDefinition{name='StripPrefix', args={_genkey_0=0}}], uri=lb://auth-service, order=0, metadata={}}, RouteDefinition{id='patient-service', predicates=[PredicateDefinition{name='Path', args={_genkey_0=/api/patients/**}}], filters=[FilterDefinition{name='StripPrefix', args={_genkey_0=0}}], uri=lb://patient-service, order=0, metadata={}}, RouteDefinition{id='staff-service', predicates=[PredicateDefinition{name='Path', args={_genkey_0=/api/staff/**}}], filters=[FilterDefinition{name='StripPrefix', args={_genkey_0=0}}], uri=lb://staff-service, order=0, metadata={}}, RouteDefinition{id='appointment-service', predicates=[PredicateDefinition{name='Path', args={_genkey_0=/api/appointments/**}}], filters=[FilterDefinition{name='StripPrefix', args={_genkey_0=0}}], uri=lb://appointment-service, order=0, metadata={}}, RouteDefinition{id='medical-record-service', predicates=[PredicateDefinition{name='Path', args={_genkey_0=/api/medical-records/**}}], filters=[FilterDefinition{name='StripPrefix', args={_genkey_0=0}}], uri=lb://medical-record-service, order=0, metadata={}}, RouteDefinition{id='consultations-service', predicates=[PredicateDefinition{name='Path', args={_genkey_0=/api/consultations/**}}], filters=[FilterDefinition{name='StripPrefix', args={_genkey_0=0}}], uri=lb://consultations-service, order=0, metadata={}}]
2026-02-20T19:37:18.543Z  INFO 15600 --- [gateway-service] [           main] o.s.c.g.r.RouteDefinitionRouteLocator    : Loaded RoutePredicateFactory [After]
2026-02-20T19:37:18.544Z  INFO 15600 --- [gateway-service] [           main] o.s.c.g.r.RouteDefinitionRouteLocator    : Loaded RoutePredicateFactory [Before]
2026-02-20T19:37:18.544Z  INFO 15600 --- [gateway-service] [           main] o.s.c.g.r.RouteDefinitionRouteLocator    : Loaded RoutePredicateFactory [Between]
2026-02-20T19:37:18.544Z  INFO 15600 --- [gateway-service] [           main] o.s.c.g.r.RouteDefinitionRouteLocator    : Loaded RoutePredicateFactory [Cookie]
2026-02-20T19:37:18.544Z  INFO 15600 --- [gateway-service] [           main] o.s.c.g.r.RouteDefinitionRouteLocator    : Loaded RoutePredicateFactory [Header]
2026-02-20T19:37:18.544Z  INFO 15600 --- [gateway-service] [           main] o.s.c.g.r.RouteDefinitionRouteLocator    : Loaded RoutePredicateFactory [Host]
2026-02-20T19:37:18.544Z  INFO 15600 --- [gateway-service] [           main] o.s.c.g.r.RouteDefinitionRouteLocator    : Loaded RoutePredicateFactory [Method]
2026-02-20T19:37:18.544Z  INFO 15600 --- [gateway-service] [           main] o.s.c.g.r.RouteDefinitionRouteLocator    : Loaded RoutePredicateFactory [Path]
2026-02-20T19:37:18.545Z  INFO 15600 --- [gateway-service] [           main] o.s.c.g.r.RouteDefinitionRouteLocator    : Loaded RoutePredicateFactory [Query]
2026-02-20T19:37:18.545Z  INFO 15600 --- [gateway-service] [           main] o.s.c.g.r.RouteDefinitionRouteLocator    : Loaded RoutePredicateFactory [ReadBody]
2026-02-20T19:37:18.545Z  INFO 15600 --- [gateway-service] [           main] o.s.c.g.r.RouteDefinitionRouteLocator    : Loaded RoutePredicateFactory [RemoteAddr]
2026-02-20T19:37:18.545Z  INFO 15600 --- [gateway-service] [           main] o.s.c.g.r.RouteDefinitionRouteLocator    : Loaded RoutePredicateFactory [XForwardedRemoteAddr]
2026-02-20T19:37:18.545Z  INFO 15600 --- [gateway-service] [           main] o.s.c.g.r.RouteDefinitionRouteLocator    : Loaded RoutePredicateFactory [Weight]
2026-02-20T19:37:18.545Z  INFO 15600 --- [gateway-service] [           main] o.s.c.g.r.RouteDefinitionRouteLocator    : Loaded RoutePredicateFactory [CloudFoundryRouteService]
2026-02-20T19:37:20.990Z  INFO 15600 --- [gateway-service] [           main] o.s.cloud.commons.util.InetUtils         : Cannot determine local hostname
2026-02-20T19:37:23.162Z  INFO 15600 --- [gateway-service] [           main] o.s.cloud.commons.util.InetUtils         : Cannot determine local hostname
2026-02-20T19:37:23.379Z  INFO 15600 --- [gateway-service] [           main] o.s.b.a.e.web.EndpointLinksResolver      : Exposing 1 endpoint(s) beneath base path '/actuator'
2026-02-20T19:37:25.724Z  INFO 15600 --- [gateway-service] [           main] DiscoveryClientOptionalArgsConfiguration : Eureka HTTP Client uses RestTemplate.
2026-02-20T19:37:25.826Z  WARN 15600 --- [gateway-service] [           main] iguration$LoadBalancerCaffeineWarnLogger : Spring Cloud LoadBalancer is currently working with the default cache. While this cache implementation is useful for development and tests, it's recommended to use Caffeine cache in production.You can switch to using Caffeine cache, by adding it and org.springframework.cache.caffeine.CaffeineCacheManager to the classpath.
2026-02-20T19:37:26.040Z  INFO 15600 --- [gateway-service] [           main] o.s.c.n.eureka.InstanceInfoFactory       : Setting initial instance status as: STARTING
2026-02-20T19:37:26.195Z  INFO 15600 --- [gateway-service] [           main] com.netflix.discovery.DiscoveryClient    : Initializing Eureka in region us-east-1
2026-02-20T19:37:26.211Z  INFO 15600 --- [gateway-service] [           main] c.n.d.s.r.aws.ConfigClusterResolver      : Resolving eureka endpoints via configuration
2026-02-20T19:37:26.311Z  INFO 15600 --- [gateway-service] [           main] com.netflix.discovery.DiscoveryClient    : Disable delta property : false
2026-02-20T19:37:26.313Z  INFO 15600 --- [gateway-service] [           main] com.netflix.discovery.DiscoveryClient    : Single vip registry refresh property : null
2026-02-20T19:37:26.313Z  INFO 15600 --- [gateway-service] [           main] com.netflix.discovery.DiscoveryClient    : Force full registry fetch : false
2026-02-20T19:37:26.313Z  INFO 15600 --- [gateway-service] [           main] com.netflix.discovery.DiscoveryClient    : Application is null : false
2026-02-20T19:37:26.313Z  INFO 15600 --- [gateway-service] [           main] com.netflix.discovery.DiscoveryClient    : Registered Applications size is zero : true
2026-02-20T19:37:26.314Z  INFO 15600 --- [gateway-service] [           main] com.netflix.discovery.DiscoveryClient    : Application version is -1: true
2026-02-20T19:37:26.314Z  INFO 15600 --- [gateway-service] [           main] com.netflix.discovery.DiscoveryClient    : Getting all instance registry info from the eureka server
2026-02-20T19:37:26.924Z  INFO 15600 --- [gateway-service] [           main] com.netflix.discovery.DiscoveryClient    : The response status is 200
2026-02-20T19:37:26.927Z  INFO 15600 --- [gateway-service] [           main] com.netflix.discovery.DiscoveryClient    : Starting heartbeat executor: renew interval is: 30
2026-02-20T19:37:26.930Z  INFO 15600 --- [gateway-service] [           main] c.n.discovery.InstanceInfoReplicator     : InstanceInfoReplicator onDemand update allowed rate per min is 4
2026-02-20T19:37:26.939Z  INFO 15600 --- [gateway-service] [           main] com.netflix.discovery.DiscoveryClient    : Discovery Client initialized at timestamp 1771616246937 with initial instances count: 7
2026-02-20T19:37:26.953Z  INFO 15600 --- [gateway-service] [           main] o.s.c.n.e.s.EurekaServiceRegistry        : Registering application GATEWAY-SERVICE with eureka with status UP
2026-02-20T19:37:26.955Z  INFO 15600 --- [gateway-service] [           main] com.netflix.discovery.DiscoveryClient    : Saw local status change event StatusChangeEvent [timestamp=1771616246955, current=UP, previous=STARTING]
2026-02-20T19:37:26.959Z  INFO 15600 --- [gateway-service] [nfoReplicator-0] com.netflix.discovery.DiscoveryClient    : DiscoveryClient_GATEWAY-SERVICE/localhost:gateway-service:8080: registering service...
2026-02-20T19:37:26.998Z DEBUG 15600 --- [gateway-service] [           main] o.s.c.g.r.RouteDefinitionRouteLocator    : RouteDefinition auth-service applying {_genkey_0=/api/auth/**} to Path
2026-02-20T19:37:27.068Z DEBUG 15600 --- [gateway-service] [           main] o.s.c.g.r.RouteDefinitionRouteLocator    : RouteDefinition auth-service applying filter {} to SecureHeaders
2026-02-20T19:37:27.079Z DEBUG 15600 --- [gateway-service] [           main] o.s.c.g.r.RouteDefinitionRouteLocator    : RouteDefinition auth-service applying filter {_genkey_0=0} to StripPrefix
2026-02-20T19:37:27.094Z DEBUG 15600 --- [gateway-service] [           main] o.s.c.g.r.RouteDefinitionRouteLocator    : RouteDefinition matched: auth-service
2026-02-20T19:37:27.094Z DEBUG 15600 --- [gateway-service] [           main] o.s.c.g.r.RouteDefinitionRouteLocator    : RouteDefinition patient-service applying {_genkey_0=/api/patients/**} to Path
2026-02-20T19:37:27.096Z DEBUG 15600 --- [gateway-service] [           main] o.s.c.g.r.RouteDefinitionRouteLocator    : RouteDefinition patient-service applying filter {} to SecureHeaders
2026-02-20T19:37:27.098Z DEBUG 15600 --- [gateway-service] [           main] o.s.c.g.r.RouteDefinitionRouteLocator    : RouteDefinition patient-service applying filter {_genkey_0=0} to StripPrefix
2026-02-20T19:37:27.099Z DEBUG 15600 --- [gateway-service] [           main] o.s.c.g.r.RouteDefinitionRouteLocator    : RouteDefinition matched: patient-service
2026-02-20T19:37:27.099Z DEBUG 15600 --- [gateway-service] [           main] o.s.c.g.r.RouteDefinitionRouteLocator    : RouteDefinition staff-service applying {_genkey_0=/api/staff/**} to Path
2026-02-20T19:37:27.101Z DEBUG 15600 --- [gateway-service] [           main] o.s.c.g.r.RouteDefinitionRouteLocator    : RouteDefinition staff-service applying filter {} to SecureHeaders
2026-02-20T19:37:27.105Z DEBUG 15600 --- [gateway-service] [           main] o.s.c.g.r.RouteDefinitionRouteLocator    : RouteDefinition staff-service applying filter {_genkey_0=0} to StripPrefix
2026-02-20T19:37:27.108Z DEBUG 15600 --- [gateway-service] [           main] o.s.c.g.r.RouteDefinitionRouteLocator    : RouteDefinition matched: staff-service
2026-02-20T19:37:27.108Z DEBUG 15600 --- [gateway-service] [           main] o.s.c.g.r.RouteDefinitionRouteLocator    : RouteDefinition appointment-service applying {_genkey_0=/api/appointments/**} to Path
2026-02-20T19:37:27.109Z  INFO 15600 --- [gateway-service] [nfoReplicator-0] com.netflix.discovery.DiscoveryClient    : DiscoveryClient_GATEWAY-SERVICE/localhost:gateway-service:8080 - registration status: 204
2026-02-20T19:37:27.109Z DEBUG 15600 --- [gateway-service] [           main] o.s.c.g.r.RouteDefinitionRouteLocator    : RouteDefinition appointment-service applying filter {} to SecureHeaders
2026-02-20T19:37:27.110Z DEBUG 15600 --- [gateway-service] [           main] o.s.c.g.r.RouteDefinitionRouteLocator    : RouteDefinition appointment-service applying filter {_genkey_0=0} to StripPrefix
2026-02-20T19:37:27.112Z DEBUG 15600 --- [gateway-service] [           main] o.s.c.g.r.RouteDefinitionRouteLocator    : RouteDefinition matched: appointment-service
2026-02-20T19:37:27.113Z DEBUG 15600 --- [gateway-service] [           main] o.s.c.g.r.RouteDefinitionRouteLocator    : RouteDefinition medical-record-service applying {_genkey_0=/api/medical-records/**} to Path
2026-02-20T19:37:27.115Z DEBUG 15600 --- [gateway-service] [           main] o.s.c.g.r.RouteDefinitionRouteLocator    : RouteDefinition medical-record-service applying filter {} to SecureHeaders
2026-02-20T19:37:27.118Z DEBUG 15600 --- [gateway-service] [           main] o.s.c.g.r.RouteDefinitionRouteLocator    : RouteDefinition medical-record-service applying filter {_genkey_0=0} to StripPrefix
2026-02-20T19:37:27.119Z DEBUG 15600 --- [gateway-service] [           main] o.s.c.g.r.RouteDefinitionRouteLocator    : RouteDefinition matched: medical-record-service
2026-02-20T19:37:27.119Z DEBUG 15600 --- [gateway-service] [           main] o.s.c.g.r.RouteDefinitionRouteLocator    : RouteDefinition consultations-service applying {_genkey_0=/api/consultations/**} to Path
2026-02-20T19:37:27.123Z DEBUG 15600 --- [gateway-service] [           main] o.s.c.g.r.RouteDefinitionRouteLocator    : RouteDefinition consultations-service applying filter {} to SecureHeaders
2026-02-20T19:37:27.125Z DEBUG 15600 --- [gateway-service] [           main] o.s.c.g.r.RouteDefinitionRouteLocator    : RouteDefinition consultations-service applying filter {_genkey_0=0} to StripPrefix
2026-02-20T19:37:27.127Z DEBUG 15600 --- [gateway-service] [           main] o.s.c.g.r.RouteDefinitionRouteLocator    : RouteDefinition matched: consultations-service
2026-02-20T19:37:27.143Z DEBUG 15600 --- [gateway-service] [           main] o.s.c.g.filter.GatewayMetricsFilter      : New routes count: 6
2026-02-20T19:37:27.183Z DEBUG 15600 --- [gateway-service] [           main] o.s.c.g.r.RouteDefinitionRouteLocator    : RouteDefinition auth-service applying {_genkey_0=/api/auth/**} to Path
2026-02-20T19:37:27.185Z DEBUG 15600 --- [gateway-service] [           main] o.s.c.g.r.RouteDefinitionRouteLocator    : RouteDefinition auth-service applying filter {} to SecureHeaders
2026-02-20T19:37:27.189Z DEBUG 15600 --- [gateway-service] [           main] o.s.c.g.r.RouteDefinitionRouteLocator    : RouteDefinition auth-service applying filter {_genkey_0=0} to StripPrefix
2026-02-20T19:37:27.191Z DEBUG 15600 --- [gateway-service] [           main] o.s.c.g.r.RouteDefinitionRouteLocator    : RouteDefinition matched: auth-service
2026-02-20T19:37:27.191Z DEBUG 15600 --- [gateway-service] [           main] o.s.c.g.r.RouteDefinitionRouteLocator    : RouteDefinition patient-service applying {_genkey_0=/api/patients/**} to Path
2026-02-20T19:37:27.193Z DEBUG 15600 --- [gateway-service] [           main] o.s.c.g.r.RouteDefinitionRouteLocator    : RouteDefinition patient-service applying filter {} to SecureHeaders
2026-02-20T19:37:27.194Z DEBUG 15600 --- [gateway-service] [           main] o.s.c.g.r.RouteDefinitionRouteLocator    : RouteDefinition patient-service applying filter {_genkey_0=0} to StripPrefix
2026-02-20T19:37:27.196Z DEBUG 15600 --- [gateway-service] [           main] o.s.c.g.r.RouteDefinitionRouteLocator    : RouteDefinition matched: patient-service
2026-02-20T19:37:27.196Z DEBUG 15600 --- [gateway-service] [           main] o.s.c.g.r.RouteDefinitionRouteLocator    : RouteDefinition staff-service applying {_genkey_0=/api/staff/**} to Path
2026-02-20T19:37:27.197Z DEBUG 15600 --- [gateway-service] [           main] o.s.c.g.r.RouteDefinitionRouteLocator    : RouteDefinition staff-service applying filter {} to SecureHeaders
2026-02-20T19:37:27.199Z DEBUG 15600 --- [gateway-service] [           main] o.s.c.g.r.RouteDefinitionRouteLocator    : RouteDefinition staff-service applying filter {_genkey_0=0} to StripPrefix
2026-02-20T19:37:27.200Z DEBUG 15600 --- [gateway-service] [           main] o.s.c.g.r.RouteDefinitionRouteLocator    : RouteDefinition matched: staff-service
2026-02-20T19:37:27.200Z DEBUG 15600 --- [gateway-service] [           main] o.s.c.g.r.RouteDefinitionRouteLocator    : RouteDefinition appointment-service applying {_genkey_0=/api/appointments/**} to Path
2026-02-20T19:37:27.202Z DEBUG 15600 --- [gateway-service] [           main] o.s.c.g.r.RouteDefinitionRouteLocator    : RouteDefinition appointment-service applying filter {} to SecureHeaders
2026-02-20T19:37:27.204Z DEBUG 15600 --- [gateway-service] [           main] o.s.c.g.r.RouteDefinitionRouteLocator    : RouteDefinition appointment-service applying filter {_genkey_0=0} to StripPrefix
2026-02-20T19:37:27.205Z DEBUG 15600 --- [gateway-service] [           main] o.s.c.g.r.RouteDefinitionRouteLocator    : RouteDefinition matched: appointment-service
2026-02-20T19:37:27.205Z DEBUG 15600 --- [gateway-service] [           main] o.s.c.g.r.RouteDefinitionRouteLocator    : RouteDefinition medical-record-service applying {_genkey_0=/api/medical-records/**} to Path
2026-02-20T19:37:27.206Z DEBUG 15600 --- [gateway-service] [           main] o.s.c.g.r.RouteDefinitionRouteLocator    : RouteDefinition medical-record-service applying filter {} to SecureHeaders
2026-02-20T19:37:27.208Z DEBUG 15600 --- [gateway-service] [           main] o.s.c.g.r.RouteDefinitionRouteLocator    : RouteDefinition medical-record-service applying filter {_genkey_0=0} to StripPrefix
2026-02-20T19:37:27.210Z DEBUG 15600 --- [gateway-service] [           main] o.s.c.g.r.RouteDefinitionRouteLocator    : RouteDefinition matched: medical-record-service
2026-02-20T19:37:27.210Z DEBUG 15600 --- [gateway-service] [           main] o.s.c.g.r.RouteDefinitionRouteLocator    : RouteDefinition consultations-service applying {_genkey_0=/api/consultations/**} to Path
2026-02-20T19:37:27.213Z DEBUG 15600 --- [gateway-service] [           main] o.s.c.g.r.RouteDefinitionRouteLocator    : RouteDefinition consultations-service applying filter {} to SecureHeaders
2026-02-20T19:37:27.215Z DEBUG 15600 --- [gateway-service] [           main] o.s.c.g.r.RouteDefinitionRouteLocator    : RouteDefinition consultations-service applying filter {_genkey_0=0} to StripPrefix
2026-02-20T19:37:27.217Z DEBUG 15600 --- [gateway-service] [           main] o.s.c.g.r.RouteDefinitionRouteLocator    : RouteDefinition matched: consultations-service
2026-02-20T19:37:27.220Z DEBUG 15600 --- [gateway-service] [           main] o.s.c.g.filter.GatewayMetricsFilter      : New routes count: 6
2026-02-20T19:37:27.223Z  INFO 15600 --- [gateway-service] [           main] c.h.gateway.GatewayRoutesConfigTest      : Started GatewayRoutesConfigTest in 18.896 seconds (process running for 26.984)
]]></system-out>
  </testcase>
</testsuite>