<?xml version="1.0" encoding="UTF-8"?>
<testsuite xmlns:xsi="http://www.w3.org/2001/XMLSchema-instance" xsi:noNamespaceSchemaLocation="https://maven.apache.org/surefire/maven-surefire-plugin/xsd/surefire-test-report-3.0.xsd" version="3.0" name="com.hospital.gateway.GatewayRoutesConfigTest" time="15.901" tests="1" errors="0" skipped="0" failures="0">
  <properties>
[...]
</properties>
  <testcase name="gatewayHasRoutesForAllKitServices" classname="com.hospital.gateway.GatewayRoutesConfigTest" time="0.105">
    <system-out><![CDATA[15:40:05.725 [main] INFO org.springframework.test.context.support.AnnotationConfigContextLoaderUtils -- Could not detect default configuration classes for test class [com.hospital.gateway.GatewayRoutesConfigTest]: GatewayRoutesConfigTest does not declare any static, non-private, non-final, nested classes annotated with @Configuration.
15:40:05.999 [main] INFO org.springframework.boot.test.context.SpringBootTestContextBootstrapper -- Found @SpringBootConfiguration com.hospital.gateway.GatewayServiceApplication for test class com.hospital.gateway.GatewayRoutesConfigTest

  .   ____          _            __ _ _
 /\\ / ___'_ __ _ _(_)_ __  __ _ \ \ \ \
( ( )\___ | '_ | '_| | '_ \/ _` | \ \ \ \
 \\/  ___)| |_)| | | | | || (_| |  ) ) ) )
  '  |____| .__|_| |_|_| |_\__, | / / / /
 =========|_|==============|___/=/_/_/_/
 :: Spring Boot ::                (v3.2.0)

2026-02-20T15:40:08.831Z  INFO 15524 --- [gateway-service] [           main] c.h.gateway.GatewayRoutesConfigTest      : Starting GatewayRoutesConfigTest using Java 17.0.12 with PID 15524 (started by md in D:\Studies\S5\Project_dev\kit-commun-final (3)\kit-commun-final\gateway-service)
2026-02-20T15:40:08.833Z  INFO 15524 --- [gateway-service] [           main] c.h.gateway.GatewayRoutesConfigTest      : No active profile set, falling back to 1 default profile: "default"
2026-02-20T15:40:11.233Z  INFO 15524 --- [gateway-service] [           main] o.s.cloud.context.scope.GenericScope     : BeanFactory id=f4b0195c-f160-3f09-b883-f0b8060c2d1b
2026-02-20T15:40:11.907Z  WARN 15524 --- [gateway-service] [           main] trationDelegate$BeanPostProcessorChecker : Bean 'org.springframework.cloud.client.loadbalancer.LoadBalancerAutoConfiguration$LoadBalancerInterceptorConfig' of type [org.springframework.cloud.client.loadbalancer.LoadBalancerAutoConfiguration$LoadBalancerInterceptorConfig] is not eligible for getting processed by all BeanPostProcessors (for example: not eligible for auto-proxying). The currently created BeanPostProcessor [lbRestClientPostProcessor] is declared through a non-static factory method on that class; consider declaring it as static instead.
2026-02-20T15:40:11.915Z  WARN 15524 --- [gateway-service] [           main] trationDelegate$BeanPostProcessorChecker : Bean 'org.springframework.cloud.loadbalancer.config.BlockingLoadBalancerClientAutoConfiguration' of type [org.springframework.cloud.loadbalancer.config.BlockingLoadBalancerClientAutoConfiguration] is not eligible for getting processed by all BeanPostProcessors (for example: not eligible for auto-proxying). Is this bean getting eagerly injected into a currently created BeanPostProcessor [lbRestClientPostProcessor]? Check the corresponding BeanPostProcessor declaration and its dependencies.
2026-02-20T15:40:11.921Z  WARN 15524 --- [gateway-service] [           main] trationDelegate$BeanPostProcessorChecker : Bean 'org.springframework.cloud.loadbalancer.config.LoadBalancerAutoConfiguration' of type [org.springframework.cloud.loadbalancer.config.LoadBalancerAutoConfiguration] is not eligible for getting processed by all BeanPostProcessors (for example: not eligible for auto-proxying). Is this bean getting eagerly injected into a currently created BeanPostProcessor [lbRestClientPostProcessor]? Check the corresponding BeanPostProcessor declaration and its dependencies.
2026-02-20T15:40:11.943Z  WARN 15524 --- [gateway-service] [           main] trationDelegate$BeanPostProcessorChecker : Bean 'org.springframework.cloud.commons.config.CommonsConfigAutoConfiguration' of type [org.springframework.cloud.commons.config.CommonsConfigAutoConfiguration] is not eligible for getting processed by all BeanPostProcessors (for example: not eligible for auto-proxying). Is this bean getting eagerly injected into a currently created BeanPostProcessor [lbRestClientPostProcessor]? Check the corresponding BeanPostProcessor declaration and its dependencies.
2026-02-20T15:40:11.952Z  WARN 15524 --- [gateway-service] [           main] trationDelegate$BeanPostProcessorChecker : Bean 'org.springframework.cloud.client.loadbalancer.LoadBalancerDefaultMappingsProviderAutoConfiguration' of type [org.springframework.cloud.client.loadbalancer.LoadBalancerDefaultMappingsProviderAutoConfiguration] is not eligible for getting processed by all BeanPostProcessors (for example: not eligible for auto-proxying). Is this bean getting eagerly injected into a currently created BeanPostProcessor [lbRestClientPostProcessor]? Check the corresponding BeanPostProcessor declaration and its dependencies.
2026-02-20T15:40:11.956Z  WARN 15524 --- [gateway-service] [           main] trationDelegate$BeanPostProcessorChecker : Bean 'loadBalancerClientsDefaultsMappingsProvider' of type [org.springframework.cloud.client.loadbalancer.LoadBalancerDefaultMappingsProviderAutoConfiguration$$Lambda$1038/0x000001110168bcc8] is not eligible for getting processed by all BeanPostProcessors (for example: not eligible for auto-proxying). Is this bean getting eagerly injected into a currently created BeanPostProcessor [lbRestClientPostProcessor]? Check the corresponding BeanPostProcessor declaration and its dependencies.
2026-02-20T15:40:11.971Z  WARN 15524 --- [gateway-service] [           main] trationDelegate$BeanPostProcessorChecker : Bean 'defaultsBindHandlerAdvisor' of type [org.springframework.cloud.commons.config.DefaultsBindHandlerAdvisor] is not eligible for getting processed by all BeanPostProcessors (for example: not eligible for auto-proxying). Is this bean getting eagerly injected into a currently created BeanPostProcessor [lbRestClientPostProcessor]? Check the corresponding BeanPostProcessor declaration and its dependencies.
2026-02-20T15:40:11.988Z  WARN 15524 --- [gateway-service] [           main] trationDelegate$BeanPostProcessorChecker : Bean 'spring.cloud.loadbalancer-org.springframework.cloud.client.loadbalancer.LoadBalancerClientsProperties' of type [org.springframework.cloud.client.loadbalancer.LoadBalancerClientsProperties] is not eligible for getting processed by all BeanPostProcessors (for example: not eligible for auto-proxying). Is this bean getting eagerly injected into a currently created BeanPostProcessor [lbRestClientPostProcessor]? Check the corresponding BeanPostProcessor declaration and its dependencies.
2026-02-20T15:40:12.004Z  WARN 15524 --- [gateway-service] [           main] trationDelegate$BeanPostProcessorChecker : Bean 'default.org.springframework.cloud.loadbalancer.config.LoadBalancerAutoConfiguration.LoadBalancerClientSpecification' of type [org.springframework.cloud.loadbalancer.annotation.LoadBalancerClientSpecification] is not eligible for getting processed by all BeanPostProcessors (for example: not eligible for auto-proxying). Is this bean getting eagerly injected into a currently created BeanPostProcessor [lbRestClientPostProcessor]? Check the corresponding BeanPostProcessor declaration and its dependencies.
2026-02-20T15:40:12.009Z  WARN 15524 --- [gateway-service] [           main] trationDelegate$BeanPostProcessorChecker : Bean 'default.org.springframework.cloud.loadbalancer.config.BlockingLoadBalancerClientAutoConfiguration.LoadBalancerClientSpecification' of type [org.springframework.cloud.loadbalancer.annotation.LoadBalancerClientSpecification] is not eligible for getting processed by all BeanPostProcessors (for example: not eligible for auto-proxying). Is this bean getting eagerly injected into a currently created BeanPostProcessor [lbRestClientPostProcessor]? Check the corresponding BeanPostProcessor declaration and its dependencies.
2026-02-20T15:40:12.010Z  WARN 15524 --- [gateway-service] [           main] trationDelegate$BeanPostProcessorChecker : Bean 'default.org.springframework.cloud.netflix.eureka.loadbalancer.LoadBalancerEurekaAutoConfiguration.LoadBalancerClientSpecification' of type [org.springframework.cloud.loadbalancer.annotation.LoadBalancerClientSpecification] is not eligible for getting processed by all BeanPostProcessors (for example: not eligible for auto-proxying). Is this bean getting eagerly injected into a currently created BeanPostProcessor [lbRestClientPostProcessor]? Check the corresponding BeanPostProcessor declaration and its dependencies.
2026-02-20T15:40:12.012Z  WARN 15524 --- [gateway-service] [           main] trationDelegate$BeanPostProcessorChecker : Bean 'loadBalancerClientFactory' of type [org.springframework.cloud.loadbalancer.support.LoadBalancerClientFactory] is not eligible for getting processed by all BeanPostProcessors (for example: not eligible for auto-proxying). Is this bean getting eagerly injected into a currently created BeanPostProcessor [lbRestClientPostProcessor]? Check the corresponding BeanPostProcessor declaration and its dependencies.
2026-02-20T15:40:12.028Z  WARN 15524 --- [gateway-service] [           main] trationDelegate$BeanPostProcessorChecker : Bean 'blockingLoadBalancerClient' of type [org.springframework.cloud.loadbalancer.blocking.client.BlockingLoadBalancerClient] is not eligible for getting processed by all BeanPostProcessors (for example: not eligible for auto-proxying). Is this bean getting eagerly injected into a currently created BeanPostProcessor [lbRestClientPostProcessor]? Check the corresponding BeanPostProcessor declaration and its dependencies.
2026-02-20T15:40:12.049Z  WARN 15524 --- [gateway-service] [           main] trationDelegate$BeanPostProcessorChecker : Bean 'loadBalancerServiceInstanceCookieTransformer' of type [org.springframework.cloud.loadbalancer.core.LoadBalancerServiceInstanceCookieTransformer] is not eligible for getting processed by all BeanPostProcessors (for example: not eligible for auto-proxying). Is this bean getting eagerly injected into a currently created BeanPostProcessor [lbRestClientPostProcessor]? Check the corresponding BeanPostProcessor declaration and its dependencies.
2026-02-20T15:40:12.052Z  WARN 15524 --- [gateway-service] [           main] trationDelegate$BeanPostProcessorChecker : Bean 'xForwarderHeadersTransformer' of type [org.springframework.cloud.loadbalancer.blocking.XForwardedHeadersTransformer] is not eligible for getting processed by all BeanPostProcessors (for example: not eligible for auto-proxying). Is this bean getting eagerly injected into a currently created BeanPostProcessor [lbRestClientPostProcessor]? Check the corresponding BeanPostProcessor declaration and its dependencies.
2026-02-20T15:40:12.055Z  WARN 15524 --- [gateway-service] [           main] trationDelegate$BeanPostProcessorChecker : Bean 'org.springframework.cloud.client.loadbalancer.LoadBalancerAutoConfiguration' of type [org.springframework.cloud.client.loadbalancer.LoadBalancerAutoConfiguration] is not eligible for getting processed by all BeanPostProcessors (for example: not eligible for auto-proxying). Is this bean getting eagerly injected into a currently created BeanPostProcessor [lbRestClientPostProcessor]? Check the corresponding BeanPostProcessor declaration and its dependencies.
2026-02-20T15:40:12.062Z  WARN 15524 --- [gateway-service] [           main] trationDelegate$BeanPostProcessorChecker : Bean 'loadBalancerRequestFactory' of type [org.springframework.cloud.client.loadbalancer.LoadBalancerRequestFactory] is not eligible for getting processed by all BeanPostProcessors (for example: not eligible for auto-proxying). Is this bean getting eagerly injected into a currently created BeanPostProcessor [lbRestClientPostProcessor]? Check the corresponding BeanPostProcessor declaration and its dependencies.
2026-02-20T15:40:12.066Z  WARN 15524 --- [gateway-service] [           main] trationDelegate$BeanPostProcessorChecker : Bean 'loadBalancerInterceptor' of type [org.springframework.cloud.client.loadbalancer.LoadBalancerInterceptor] is not eligible for getting processed by all BeanPostProcessors (for example: not eligible for auto-proxying). Is this bean getting eagerly injected into a currently created BeanPostProcessor [lbRestClientPostProcessor]? Check the corresponding BeanPostProcessor declaration and its dependencies.
2026-02-20T15:40:12.074Z  WARN 15524 --- [gateway-service] [           main] trationDelegate$BeanPostProcessorChecker : Bean 'org.springframework.cloud.client.loadbalancer.reactive.LoadBalancerBeanPostProcessorAutoConfiguration' of type [org.springframework.cloud.client.loadbalancer.reactive.LoadBalancerBeanPostProcessorAutoConfiguration] is not eligible for getting processed by all BeanPostProcessors (for example: not eligible for auto-proxying). The currently created BeanPostProcessor [loadBalancerWebClientBuilderBeanPostProcessor] is declared through a non-static factory method on that class; consider declaring it as static instead.
2026-02-20T15:40:12.080Z  WARN 15524 --- [gateway-service] [           main] trationDelegate$BeanPostProcessorChecker : Bean 'org.springframework.cloud.client.loadbalancer.reactive.LoadBalancerBeanPostProcessorAutoConfiguration$ReactorDeferringLoadBalancerFilterConfig' of type [org.springframework.cloud.client.loadbalancer.reactive.LoadBalancerBeanPostProcessorAutoConfiguration$ReactorDeferringLoadBalancerFilterConfig] is not eligible for getting processed by all BeanPostProcessors (for example: not eligible for auto-proxying). Is this bean getting eagerly injected into a currently created BeanPostProcessor [loadBalancerWebClientBuilderBeanPostProcessor]? Check the corresponding BeanPostProcessor declaration and its dependencies.
2026-02-20T15:40:12.088Z  WARN 15524 --- [gateway-service] [           main] trationDelegate$BeanPostProcessorChecker : Bean 'reactorDeferringLoadBalancerExchangeFilterFunction' of type [org.springframework.cloud.client.loadbalancer.reactive.DeferringLoadBalancerExchangeFilterFunction] is not eligible for getting processed by all BeanPostProcessors (for example: not eligible for auto-proxying). Is this bean getting eagerly injected into a currently created BeanPostProcessor [loadBalancerWebClientBuilderBeanPostProcessor]? Check the corresponding BeanPostProcessor declaration and its dependencies.
2026-02-20T15:40:14.235Z  INFO 15524 --- [gateway-service] [           main] o.s.cloud.commons.util.InetUtils         : Cannot determine local hostname
2026-02-20T15:40:14.737Z DEBUG 15524 --- [gateway-service] [           main] o.s.c.gateway.config.GatewayProperties   : Routes supplied from Gateway Properties: [RouteDefinition{id='auth-service', predicates=[PredicateDefinition{name='Path', args={_genkey_0=/api/auth/**}}], filters=[FilterDefinition{name='StripPrefix', args={_genkey_0=0}}], uri=lb://auth-service, order=0, metadata={}}, RouteDefinition{id='patient-service', predicates=[PredicateDefinition{name='Path', args={_genkey_0=/api/patients/**}}], filters=[FilterDefinition{name='StripPrefix', args={_genkey_0=0}}], uri=lb://patient-service, order=0, metadata={}}, RouteDefinition{id='staff-service', predicates=[PredicateDefinition{name='Path', args={_genkey_0=/api/staff/**}}], filters=[FilterDefinition{name='StripPrefix', args={_genkey_0=0}}], uri=lb://staff-service, order=0, metadata={}}, RouteDefinition{id='appointment-service', predicates=[PredicateDefinition{name='Path', args={_genkey_0=/api/appointments/**}}], filters=[FilterDefinition{name='StripPrefix', args={_genkey_0=0}}], uri=lb://appointment-service, order=0, metadata={}}, RouteDefinition{id='medical-record-service', predicates=[PredicateDefinition{name='Path', args={_genkey_0=/api/medical-records/**}}], filters=[FilterDefinition{name='StripPrefix', args={_genkey_0=0}}], uri=lb://medical-record-service, order=0, metadata={}}, RouteDefinition{id='consultations-service', predicates=[PredicateDefinition{name='Path', args={_genkey_0=/api/consultations/**}}], filters=[FilterDefinition{name='StripPrefix', args={_genkey_0=0}}], uri=lb://consultations-service, order=0, metadata={}}]
2026-02-20T15:40:15.075Z  INFO 15524 --- [gateway-service] [           main] o.s.c.g.r.RouteDefinitionRouteLocator    : Loaded RoutePredicateFactory [After]
2026-02-20T15:40:15.075Z  INFO 15524 --- [gateway-service] [           main] o.s.c.g.r.RouteDefinitionRouteLocator    : Loaded RoutePredicateFactory [Before]
2026-02-20T15:40:15.075Z  INFO 15524 --- [gateway-service] [           main] o.s.c.g.r.RouteDefinitionRouteLocator    : Loaded RoutePredicateFactory [Between]
2026-02-20T15:40:15.076Z  INFO 15524 --- [gateway-service] [           main] o.s.c.g.r.RouteDefinitionRouteLocator    : Loaded RoutePredicateFactory [Cookie]
2026-02-20T15:40:15.076Z  INFO 15524 --- [gateway-service] [           main] o.s.c.g.r.RouteDefinitionRouteLocator    : Loaded RoutePredicateFactory [Header]
2026-02-20T15:40:15.076Z  INFO 15524 --- [gateway-service] [           main] o.s.c.g.r.RouteDefinitionRouteLocator    : Loaded RoutePredicateFactory [Host]
2026-02-20T15:40:15.076Z  INFO 15524 --- [gateway-service] [           main] o.s.c.g.r.RouteDefinitionRouteLocator    : Loaded RoutePredicateFactory [Method]
2026-02-20T15:40:15.076Z  INFO 15524 --- [gateway-service] [           main] o.s.c.g.r.RouteDefinitionRouteLocator    : Loaded RoutePredicateFactory [Path]
2026-02-20T15:40:15.076Z  INFO 15524 --- [gateway-service] [           main] o.s.c.g.r.RouteDefinitionRouteLocator    : Loaded RoutePredicateFactory [Query]
2026-02-20T15:40:15.076Z  INFO 15524 --- [gateway-service] [           main] o.s.c.g.r.RouteDefinitionRouteLocator    : Loaded RoutePredicateFactory [ReadBody]
2026-02-20T15:40:15.076Z  INFO 15524 --- [gateway-service] [           main] o.s.c.g.r.RouteDefinitionRouteLocator    : Loaded RoutePredicateFactory [RemoteAddr]
2026-02-20T15:40:15.076Z  INFO 15524 --- [gateway-service] [           main] o.s.c.g.r.RouteDefinitionRouteLocator    : Loaded RoutePredicateFactory [XForwardedRemoteAddr]
2026-02-20T15:40:15.076Z  INFO 15524 --- [gateway-service] [           main] o.s.c.g.r.RouteDefinitionRouteLocator    : Loaded RoutePredicateFactory [Weight]
2026-02-20T15:40:15.076Z  INFO 15524 --- [gateway-service] [           main] o.s.c.g.r.RouteDefinitionRouteLocator    : Loaded RoutePredicateFactory [CloudFoundryRouteService]
2026-02-20T15:40:17.129Z  INFO 15524 --- [gateway-service] [           main] o.s.cloud.commons.util.InetUtils         : Cannot determine local hostname
2026-02-20T15:40:18.630Z  INFO 15524 --- [gateway-service] [           main] o.s.cloud.commons.util.InetUtils         : Cannot determine local hostname
2026-02-20T15:40:18.760Z  INFO 15524 --- [gateway-service] [           main] o.s.b.a.e.web.EndpointLinksResolver      : Exposing 1 endpoint(s) beneath base path '/actuator'
2026-02-20T15:40:19.525Z  INFO 15524 --- [gateway-service] [           main] DiscoveryClientOptionalArgsConfiguration : Eureka HTTP Client uses RestTemplate.
2026-02-20T15:40:19.622Z  WARN 15524 --- [gateway-service] [           main] iguration$LoadBalancerCaffeineWarnLogger : Spring Cloud LoadBalancer is currently working with the default cache. While this cache implementation is useful for development and tests, it's recommended to use Caffeine cache in production.You can switch to using Caffeine cache, by adding it and org.springframework.cache.caffeine.CaffeineCacheManager to the classpath.
2026-02-20T15:40:19.797Z  INFO 15524 --- [gateway-service] [           main] o.s.c.n.eureka.InstanceInfoFactory       : Setting initial instance status as: STARTING
2026-02-20T15:40:19.950Z  INFO 15524 --- [gateway-service] [           main] com.netflix.discovery.DiscoveryClient    : Initializing Eureka in region us-east-1
2026-02-20T15:40:19.963Z  INFO 15524 --- [gateway-service] [           main] c.n.d.s.r.aws.ConfigClusterResolver      : Resolving eureka endpoints via configuration
2026-02-20T15:40:20.015Z  INFO 15524 --- [gateway-service] [           main] com.netflix.discovery.DiscoveryClient    : Disable delta property : false
2026-02-20T15:40:20.015Z  INFO 15524 --- [gateway-service] [           main] com.netflix.discovery.DiscoveryClient    : Single vip registry refresh property : null
2026-02-20T15:40:20.015Z  INFO 15524 --- [gateway-service] [           main] com.netflix.discovery.DiscoveryClient    : Force full registry fetch : false
2026-02-20T15:40:20.015Z  INFO 15524 --- [gateway-service] [           main] com.netflix.discovery.DiscoveryClient    : Application is null : false
2026-02-20T15:40:20.015Z  INFO 15524 --- [gateway-service] [           main] com.netflix.discovery.DiscoveryClient    : Registered Applications size is zero : true
2026-02-20T15:40:20.015Z  INFO 15524 --- [gateway-service] [           main] com.netflix.discovery.DiscoveryClient    : Application version is -1: true
2026-02-20T15:40:20.015Z  INFO 15524 --- [gateway-service] [           main] com.netflix.discovery.DiscoveryClient    : Getting all instance registry info from the eureka server
2026-02-20T15:40:20.958Z  INFO 15524 --- [gateway-service] [           main] com.netflix.discovery.DiscoveryClient    : The response status is 200
2026-02-20T15:40:20.962Z  INFO 15524 --- [gateway-service] [           main] com.netflix.discovery.DiscoveryClient    : Starting heartbeat executor: renew interval is: 30
2026-02-20T15:40:20.966Z  INFO 15524 --- [gateway-service] [           main] c.n.discovery.InstanceInfoReplicator     : InstanceInfoReplicator onDemand update allowed rate per min is 4
2026-02-20T15:40:20.975Z  INFO 15524 --- [gateway-service] [           main] com.netflix.discovery.DiscoveryClient    : Discovery Client initialized at timestamp 1771602020973 with initial instances count: 7
2026-02-20T15:40:20.988Z  INFO 15524 --- [gateway-service] [           main] o.s.c.n.e.s.EurekaServiceRegistry        : Registering application GATEWAY-SERVICE with eureka with status UP
2026-02-20T15:40:20.989Z  INFO 15524 --- [gateway-service] [           main] com.netflix.discovery.DiscoveryClient    : Saw local status change event StatusChangeEvent [timestamp=1771602020989, current=UP, previous=STARTING]
2026-02-20T15:40:20.992Z  INFO 15524 --- [gateway-service] [nfoReplicator-0] com.netflix.discovery.DiscoveryClient    : DiscoveryClient_GATEWAY-SERVICE/localhost:gateway-service:8080: registering service...
2026-02-20T15:40:21.044Z DEBUG 15524 --- [gateway-service] [           main] o.s.c.g.r.RouteDefinitionRouteLocator    : RouteDefinition auth-service applying {_genkey_0=/api/auth/**} to Path
2026-02-20T15:40:21.109Z DEBUG 15524 --- [gateway-service] [           main] o.s.c.g.r.RouteDefinitionRouteLocator    : RouteDefinition auth-service applying filter {_genkey_0=0} to StripPrefix
2026-02-20T15:40:21.135Z DEBUG 15524 --- [gateway-service] [           main] o.s.c.g.r.RouteDefinitionRouteLocator    : RouteDefinition matched: auth-service
2026-02-20T15:40:21.136Z DEBUG 15524 --- [gateway-service] [           main] o.s.c.g.r.RouteDefinitionRouteLocator    : RouteDefinition patient-service applying {_genkey_0=/api/patients/**} to Path
2026-02-20T15:40:21.138Z DEBUG 15524 --- [gateway-service] [           main] o.s.c.g.r.RouteDefinitionRouteLocator    : RouteDefinition patient-service applying filter {_genkey_0=0} to StripPrefix
2026-02-20T15:40:21.140Z DEBUG 15524 --- [gateway-service] [           main] o.s.c.g.r.RouteDefinitionRouteLocator    : RouteDefinition matched: patient-service
2026-02-20T15:40:21.140Z DEBUG 15524 --- [gateway-service] [           main] o.s.c.g.r.RouteDefinitionRouteLocator    : RouteDefinition staff-service applying {_genkey_0=/api/staff/**} to Path
2026-02-20T15:40:21.143Z DEBUG 15524 --- [gateway-service] [           main] o.s.c.g.r.RouteDefinitionRouteLocator    : RouteDefinition staff-service applying filter {_genkey_0=0} to StripPrefix
2026-02-20T15:40:21.145Z DEBUG 15524 --- [gateway-service] [           main] o.s.c.g.r.RouteDefinitionRouteLocator    : RouteDefinition matched: staff-service
2026-02-20T15:40:21.145Z DEBUG 15524 --- [gateway-service] [           main] o.s.c.g.r.RouteDefinitionRouteLocator    : RouteDefinition appointment-service applying {_genkey_0=/api/appointments/**} to Path
2026-02-20T15:40:21.147Z DEBUG 15524 --- [gateway-service] [           main] o.s.c.g.r.RouteDefinitionRouteLocator    : RouteDefinition appointment-service applying filter {_genkey_0=0} to StripPrefix
2026-02-20T15:40:21.149Z DEBUG 15524 --- [gateway-service] [           main] o.s.c.g.r.RouteDefinitionRouteLocator    : RouteDefinition matched: appointment-service
2026-02-20T15:40:21.149Z DEBUG 15524 --- [gateway-service] [           main] o.s.c.g.r.RouteDefinitionRouteLocator    : RouteDefinition medical-record-service applying {_genkey_0=/api/medical-records/**} to Path
2026-02-20T15:40:21.151Z DEBUG 15524 --- [gateway-service] [           main] o.s.c.g.r.RouteDefinitionRouteLocator    : RouteDefinition medical-record-service applying filter {_genkey_0=0} to StripPrefix
2026-02-20T15:40:21.154Z DEBUG 15524 --- [gateway-service] [           main] o.s.c.g.r.RouteDefinitionRouteLocator    : RouteDefinition matched: medical-record-service
2026-02-20T15:40:21.154Z DEBUG 15524 --- [gateway-service] [           main] o.s.c.g.r.RouteDefinitionRouteLocator    : RouteDefinition consultations-service applying {_genkey_0=/api/consultations/**} to Path
2026-02-20T15:40:21.156Z DEBUG 15524 --- [gateway-service] [           main] o.s.c.g.r.RouteDefinitionRouteLocator    : RouteDefinition consultations-service applying filter {_genkey_0=0} to StripPrefix
2026-02-20T15:40:21.162Z DEBUG 15524 --- [gateway-service] [           main] o.s.c.g.r.RouteDefinitionRouteLocator    : RouteDefinition matched: consultations-service
2026-02-20T15:40:21.179Z DEBUG 15524 --- [gateway-service] [           main] o.s.c.g.filter.GatewayMetricsFilter      : New routes count: 6
2026-02-20T15:40:21.187Z  INFO 15524 --- [gateway-service] [nfoReplicator-0] com.netflix.discovery.DiscoveryClient    : DiscoveryClient_GATEWAY-SERVICE/localhost:gateway-service:8080 - registration status: 204
2026-02-20T15:40:21.240Z DEBUG 15524 --- [gateway-service] [           main] o.s.c.g.r.RouteDefinitionRouteLocator    : RouteDefinition auth-service applying {_genkey_0=/api/auth/**} to Path
2026-02-20T15:40:21.243Z DEBUG 15524 --- [gateway-service] [           main] o.s.c.g.r.RouteDefinitionRouteLocator    : RouteDefinition auth-service applying filter {_genkey_0=0} to StripPrefix
2026-02-20T15:40:21.248Z DEBUG 15524 --- [gateway-service] [           main] o.s.c.g.r.RouteDefinitionRouteLocator    : RouteDefinition matched: auth-service
2026-02-20T15:40:21.248Z DEBUG 15524 --- [gateway-service] [           main] o.s.c.g.r.RouteDefinitionRouteLocator    : RouteDefinition patient-service applying {_genkey_0=/api/patients/**} to Path
2026-02-20T15:40:21.252Z DEBUG 15524 --- [gateway-service] [           main] o.s.c.g.r.RouteDefinitionRouteLocator    : RouteDefinition patient-service applying filter {_genkey_0=0} to StripPrefix
2026-02-20T15:40:21.254Z DEBUG 15524 --- [gateway-service] [           main] o.s.c.g.r.RouteDefinitionRouteLocator    : RouteDefinition matched: patient-service
2026-02-20T15:40:21.254Z DEBUG 15524 --- [gateway-service] [           main] o.s.c.g.r.RouteDefinitionRouteLocator    : RouteDefinition staff-service applying {_genkey_0=/api/staff/**} to Path
2026-02-20T15:40:21.256Z DEBUG 15524 --- [gateway-service] [           main] o.s.c.g.r.RouteDefinitionRouteLocator    : RouteDefinition staff-service applying filter {_genkey_0=0} to StripPrefix
2026-02-20T15:40:21.258Z DEBUG 15524 --- [gateway-service] [           main] o.s.c.g.r.RouteDefinitionRouteLocator    : RouteDefinition matched: staff-service
2026-02-20T15:40:21.258Z DEBUG 15524 --- [gateway-service] [           main] o.s.c.g.r.RouteDefinitionRouteLocator    : RouteDefinition appointment-service applying {_genkey_0=/api/appointments/**} to Path
2026-02-20T15:40:21.261Z DEBUG 15524 --- [gateway-service] [           main] o.s.c.g.r.RouteDefinitionRouteLocator    : RouteDefinition appointment-service applying filter {_genkey_0=0} to StripPrefix
2026-02-20T15:40:21.264Z DEBUG 15524 --- [gateway-service] [           main] o.s.c.g.r.RouteDefinitionRouteLocator    : RouteDefinition matched: appointment-service
2026-02-20T15:40:21.264Z DEBUG 15524 --- [gateway-service] [           main] o.s.c.g.r.RouteDefinitionRouteLocator    : RouteDefinition medical-record-service applying {_genkey_0=/api/medical-records/**} to Path
2026-02-20T15:40:21.265Z DEBUG 15524 --- [gateway-service] [           main] o.s.c.g.r.RouteDefinitionRouteLocator    : RouteDefinition medical-record-service applying filter {_genkey_0=0} to StripPrefix
2026-02-20T15:40:21.268Z DEBUG 15524 --- [gateway-service] [           main] o.s.c.g.r.RouteDefinitionRouteLocator    : RouteDefinition matched: medical-record-service
2026-02-20T15:40:21.269Z DEBUG 15524 --- [gateway-service] [           main] o.s.c.g.r.RouteDefinitionRouteLocator    : RouteDefinition consultations-service applying {_genkey_0=/api/consultations/**} to Path
2026-02-20T15:40:21.272Z DEBUG 15524 --- [gateway-service] [           main] o.s.c.g.r.RouteDefinitionRouteLocator    : RouteDefinition consultations-service applying filter {_genkey_0=0} to StripPrefix
2026-02-20T15:40:21.275Z DEBUG 15524 --- [gateway-service] [           main] o.s.c.g.r.RouteDefinitionRouteLocator    : RouteDefinition matched: consultations-service
2026-02-20T15:40:21.277Z DEBUG 15524 --- [gateway-service] [           main] o.s.c.g.filter.GatewayMetricsFilter      : New routes count: 6
2026-02-20T15:40:21.282Z  INFO 15524 --- [gateway-service] [           main] c.h.gateway.GatewayRoutesConfigTest      : Started GatewayRoutesConfigTest in 14.821 seconds (process running for 20.08)
]]></system-out>
  </testcase>
</testsuite>